TN:
SF:dist\js\material-photo-gallery.js
FN:1,e
FN:1,s
FN:1,(anonymous_2)
FN:1,(anonymous_3)
FN:13,(anonymous_4)
FN:19,(anonymous_5)
FN:21,getIEEvent
FN:29,(anonymous_7)
FN:33,(anonymous_8)
FN:35,(anonymous_9)
FN:39,(anonymous_10)
FN:47,(anonymous_11)
FN:50,(anonymous_12)
FN:54,(anonymous_13)
FN:85,(anonymous_14)
FN:92,(anonymous_15)
FN:102,(anonymous_16)
FN:125,factory
FN:135,extend
FN:143,isArray
FN:148,makeArray
FN:172,ImagesLoaded
FN:204,(anonymous_22)
FN:213,(anonymous_23)
FN:226,(anonymous_24)
FN:265,(anonymous_25)
FN:280,(anonymous_26)
FN:287,(anonymous_27)
FN:292,(anonymous_28)
FN:297,(anonymous_29)
FN:307,onProgress
FN:309,(anonymous_31)
FN:321,(anonymous_32)
FN:339,(anonymous_33)
FN:352,LoadingImage
FN:358,(anonymous_35)
FN:378,(anonymous_36)
FN:382,(anonymous_37)
FN:390,(anonymous_38)
FN:397,(anonymous_39)
FN:402,(anonymous_40)
FN:407,(anonymous_41)
FN:416,Background
FN:425,(anonymous_43)
FN:437,(anonymous_44)
FN:442,(anonymous_45)
FN:449,(anonymous_46)
FN:457,(anonymous_47)
FN:471,(anonymous_48)
FN:479,(anonymous_49)
FN:488,EventEmitter
FN:503,indexOfListener
FN:521,alias
FN:522,aliasClosure
FN:536,getListeners
FN:564,flattenListeners
FN:581,getListenersAsObject
FN:603,addListener
FN:633,addOnceListener
FN:652,defineEvent
FN:663,defineEvents
FN:678,removeListener
FN:711,addListeners
FN:726,removeListeners
FN:743,manipulateListeners
FN:786,removeEvent
FN:831,emitEvent
FN:878,emit
FN:891,setOnceReturnValue
FN:904,_getOnceReturnValue
FN:919,_getEvents
FN:928,noConflict
FN:935,(anonymous_72)
FN:947,(anonymous_73)
FN:948,(anonymous_74)
FN:954,(anonymous_75)
FN:977,_createEl
FN:980,(anonymous_77)
FN:989,init
FN:1027,(anonymous_79)
FN:1032,(anonymous_80)
FN:1042,(anonymous_81)
FN:1054,(anonymous_82)
FN:1064,(anonymous_83)
FN:1114,debounce
FN:1116,(anonymous_85)
FN:1119,(anonymous_86)
FN:1136,getTouches
FN:1142,handleTouchStart
FN:1147,handleTouchMove
FN:1203,(anonymous_90)
FN:1209,(anonymous_91)
FN:1214,(anonymous_92)
FN:1216,(anonymous_93)
FN:1222,(anonymous_94)
FN:1234,(anonymous_95)
FN:1243,(anonymous_96)
FN:1245,(anonymous_97)
FN:1246,(anonymous_98)
FN:1258,(anonymous_99)
FN:1321,(anonymous_100)
FN:1352,(anonymous_101)
FN:1356,(anonymous_102)
FN:1366,(anonymous_103)
FN:1389,(anonymous_104)
FN:1393,(anonymous_105)
FN:1412,(anonymous_106)
FN:1430,(anonymous_107)
FN:1462,(anonymous_108)
FN:1490,(anonymous_109)
FN:1503,(anonymous_110)
FN:1532,(anonymous_111)
FN:1549,(anonymous_112)
FN:1555,(anonymous_113)
FN:1568,(anonymous_114)
FN:1578,(anonymous_115)
FN:1588,(anonymous_116)
FN:1594,(anonymous_117)
FN:1595,(anonymous_118)
FN:1603,(anonymous_119)
FN:1607,(anonymous_120)
FN:1627,(anonymous_121)
FN:1639,(anonymous_122)
FN:1653,(anonymous_123)
FN:1688,(anonymous_124)
FN:1689,preventDefault
FN:1705,(anonymous_126)
FN:1713,(anonymous_127)
FN:1724,(anonymous_128)
FN:1726,(anonymous_129)
FN:1734,(anonymous_130)
FN:1742,(anonymous_131)
FN:1743,(anonymous_132)
FN:1748,(anonymous_133)
FN:1753,(anonymous_134)
FN:1770,(anonymous_135)
FN:1787,(anonymous_136)
FN:1805,(anonymous_137)
FN:1819,(anonymous_138)
FNF:139
FNH:0
FNDA:0,e
FNDA:0,s
FNDA:0,(anonymous_2)
FNDA:0,(anonymous_3)
FNDA:0,(anonymous_4)
FNDA:0,(anonymous_5)
FNDA:0,getIEEvent
FNDA:0,(anonymous_7)
FNDA:0,(anonymous_8)
FNDA:0,(anonymous_9)
FNDA:0,(anonymous_10)
FNDA:0,(anonymous_11)
FNDA:0,(anonymous_12)
FNDA:0,(anonymous_13)
FNDA:0,(anonymous_14)
FNDA:0,(anonymous_15)
FNDA:0,(anonymous_16)
FNDA:0,factory
FNDA:0,extend
FNDA:0,isArray
FNDA:0,makeArray
FNDA:0,ImagesLoaded
FNDA:0,(anonymous_22)
FNDA:0,(anonymous_23)
FNDA:0,(anonymous_24)
FNDA:0,(anonymous_25)
FNDA:0,(anonymous_26)
FNDA:0,(anonymous_27)
FNDA:0,(anonymous_28)
FNDA:0,(anonymous_29)
FNDA:0,onProgress
FNDA:0,(anonymous_31)
FNDA:0,(anonymous_32)
FNDA:0,(anonymous_33)
FNDA:0,LoadingImage
FNDA:0,(anonymous_35)
FNDA:0,(anonymous_36)
FNDA:0,(anonymous_37)
FNDA:0,(anonymous_38)
FNDA:0,(anonymous_39)
FNDA:0,(anonymous_40)
FNDA:0,(anonymous_41)
FNDA:0,Background
FNDA:0,(anonymous_43)
FNDA:0,(anonymous_44)
FNDA:0,(anonymous_45)
FNDA:0,(anonymous_46)
FNDA:0,(anonymous_47)
FNDA:0,(anonymous_48)
FNDA:0,(anonymous_49)
FNDA:0,EventEmitter
FNDA:0,indexOfListener
FNDA:0,alias
FNDA:0,aliasClosure
FNDA:0,getListeners
FNDA:0,flattenListeners
FNDA:0,getListenersAsObject
FNDA:0,addListener
FNDA:0,addOnceListener
FNDA:0,defineEvent
FNDA:0,defineEvents
FNDA:0,removeListener
FNDA:0,addListeners
FNDA:0,removeListeners
FNDA:0,manipulateListeners
FNDA:0,removeEvent
FNDA:0,emitEvent
FNDA:0,emit
FNDA:0,setOnceReturnValue
FNDA:0,_getOnceReturnValue
FNDA:0,_getEvents
FNDA:0,noConflict
FNDA:0,(anonymous_72)
FNDA:0,(anonymous_73)
FNDA:0,(anonymous_74)
FNDA:0,(anonymous_75)
FNDA:0,_createEl
FNDA:0,(anonymous_77)
FNDA:0,init
FNDA:0,(anonymous_79)
FNDA:0,(anonymous_80)
FNDA:0,(anonymous_81)
FNDA:0,(anonymous_82)
FNDA:0,(anonymous_83)
FNDA:0,debounce
FNDA:0,(anonymous_85)
FNDA:0,(anonymous_86)
FNDA:0,getTouches
FNDA:0,handleTouchStart
FNDA:0,handleTouchMove
FNDA:0,(anonymous_90)
FNDA:0,(anonymous_91)
FNDA:0,(anonymous_92)
FNDA:0,(anonymous_93)
FNDA:0,(anonymous_94)
FNDA:0,(anonymous_95)
FNDA:0,(anonymous_96)
FNDA:0,(anonymous_97)
FNDA:0,(anonymous_98)
FNDA:0,(anonymous_99)
FNDA:0,(anonymous_100)
FNDA:0,(anonymous_101)
FNDA:0,(anonymous_102)
FNDA:0,(anonymous_103)
FNDA:0,(anonymous_104)
FNDA:0,(anonymous_105)
FNDA:0,(anonymous_106)
FNDA:0,(anonymous_107)
FNDA:0,(anonymous_108)
FNDA:0,(anonymous_109)
FNDA:0,(anonymous_110)
FNDA:0,(anonymous_111)
FNDA:0,(anonymous_112)
FNDA:0,(anonymous_113)
FNDA:0,(anonymous_114)
FNDA:0,(anonymous_115)
FNDA:0,(anonymous_116)
FNDA:0,(anonymous_117)
FNDA:0,(anonymous_118)
FNDA:0,(anonymous_119)
FNDA:0,(anonymous_120)
FNDA:0,(anonymous_121)
FNDA:0,(anonymous_122)
FNDA:0,(anonymous_123)
FNDA:0,(anonymous_124)
FNDA:0,preventDefault
FNDA:0,(anonymous_126)
FNDA:0,(anonymous_127)
FNDA:0,(anonymous_128)
FNDA:0,(anonymous_129)
FNDA:0,(anonymous_130)
FNDA:0,(anonymous_131)
FNDA:0,(anonymous_132)
FNDA:0,(anonymous_133)
FNDA:0,(anonymous_134)
FNDA:0,(anonymous_135)
FNDA:0,(anonymous_136)
FNDA:0,(anonymous_137)
FNDA:0,(anonymous_138)
DA:1,0
DA:13,0
DA:17,0
DA:19,0
DA:22,0
DA:24,0
DA:25,0
DA:28,0
DA:29,0
DA:30,0
DA:32,0
DA:33,0
DA:34,0
DA:36,0
DA:37,0
DA:40,0
DA:41,0
DA:43,0
DA:47,0
DA:49,0
DA:50,0
DA:51,0
DA:53,0
DA:54,0
DA:55,0
DA:56,0
DA:57,0
DA:60,0
DA:65,0
DA:72,0
DA:74,0
DA:75,0
DA:77,0
DA:80,0
DA:92,0
DA:97,0
DA:99,0
DA:103,0
DA:105,0
DA:107,0
DA:114,0
DA:129,0
DA:130,0
DA:136,0
DA:137,0
DA:139,0
DA:142,0
DA:144,0
DA:149,0
DA:150,0
DA:152,0
DA:153,0
DA:155,0
DA:156,0
DA:160,0
DA:162,0
DA:174,0
DA:175,0
DA:178,0
DA:179,0
DA:182,0
DA:183,0
DA:185,0
DA:186,0
DA:188,0
DA:191,0
DA:192,0
DA:195,0
DA:197,0
DA:199,0
DA:203,0
DA:204,0
DA:205,0
DA:209,0
DA:211,0
DA:213,0
DA:214,0
DA:217,0
DA:218,0
DA:219,0
DA:226,0
DA:228,0
DA:229,0
DA:232,0
DA:233,0
DA:238,0
DA:239,0
DA:240,0
DA:242,0
DA:244,0
DA:245,0
DA:246,0
DA:250,0
DA:251,0
DA:252,0
DA:253,0
DA:254,0
DA:259,0
DA:265,0
DA:266,0
DA:268,0
DA:269,0
DA:270,0
DA:271,0
DA:272,0
DA:273,0
DA:275,0
DA:280,0
DA:281,0
DA:287,0
DA:288,0
DA:289,0
DA:292,0
DA:293,0
DA:294,0
DA:297,0
DA:298,0
DA:299,0
DA:300,0
DA:302,0
DA:303,0
DA:304,0
DA:309,0
DA:310,0
DA:314,0
DA:315,0
DA:316,0
DA:317,0
DA:321,0
DA:322,0
DA:323,0
DA:325,0
DA:326,0
DA:327,0
DA:330,0
DA:331,0
DA:334,0
DA:335,0
DA:339,0
DA:340,0
DA:341,0
DA:342,0
DA:343,0
DA:344,0
DA:345,0
DA:346,0
DA:353,0
DA:356,0
DA:358,0
DA:361,0
DA:362,0
DA:364,0
DA:365,0
DA:369,0
DA:370,0
DA:371,0
DA:373,0
DA:374,0
DA:375,0
DA:378,0
DA:379,0
DA:382,0
DA:383,0
DA:384,0
DA:390,0
DA:391,0
DA:392,0
DA:393,0
DA:397,0
DA:398,0
DA:399,0
DA:402,0
DA:403,0
DA:404,0
DA:407,0
DA:408,0
DA:409,0
DA:410,0
DA:411,0
DA:417,0
DA:418,0
DA:419,0
DA:423,0
DA:425,0
DA:426,0
DA:427,0
DA:428,0
DA:430,0
DA:431,0
DA:432,0
DA:433,0
DA:437,0
DA:438,0
DA:439,0
DA:442,0
DA:443,0
DA:444,0
DA:449,0
DA:450,0
DA:451,0
DA:452,0
DA:455,0
DA:457,0
DA:458,0
DA:459,0
DA:463,0
DA:467,0
DA:479,0
DA:491,0
DA:492,0
DA:493,0
DA:504,0
DA:505,0
DA:506,0
DA:507,0
DA:511,0
DA:522,0
DA:523,0
DA:536,0
DA:537,0
DA:543,0
DA:544,0
DA:545,0
DA:546,0
DA:547,0
DA:552,0
DA:555,0
DA:564,0
DA:565,0
DA:568,0
DA:569,0
DA:572,0
DA:581,0
DA:582,0
DA:585,0
DA:586,0
DA:587,0
DA:590,0
DA:603,0
DA:604,0
DA:605,0
DA:608,0
DA:609,0
DA:610,0
DA:617,0
DA:623,0
DA:633,0
DA:634,0
DA:643,0
DA:652,0
DA:653,0
DA:654,0
DA:663,0
DA:664,0
DA:665,0
DA:667,0
DA:678,0
DA:679,0
DA:683,0
DA:684,0
DA:685,0
DA:687,0
DA:688,0
DA:693,0
DA:699,0
DA:711,0
DA:713,0
DA:726,0
DA:728,0
DA:743,0
DA:746,0
DA:747,0
DA:750,0
DA:751,0
DA:752,0
DA:754,0
DA:755,0
DA:759,0
DA:768,0
DA:769,0
DA:770,0
DA:774,0
DA:786,0
DA:787,0
DA:788,0
DA:792,0
DA:794,0
DA:796,0
DA:798,0
DA:799,0
DA:800,0
DA:806,0
DA:809,0
DA:817,0
DA:831,0
DA:832,0
DA:839,0
DA:840,0
DA:841,0
DA:842,0
DA:844,0
DA:847,0
DA:849,0
DA:850,0
DA:853,0
DA:855,0
DA:856,0
DA:862,0
DA:868,0
DA:878,0
DA:879,0
DA:880,0
DA:891,0
DA:892,0
DA:893,0
DA:904,0
DA:905,0
DA:906,0
DA:909,0
DA:919,0
DA:920,0
DA:928,0
DA:929,0
DA:930,0
DA:934,0
DA:935,0
DA:936,0
DA:939,0
DA:940,0
DA:943,0
DA:948,0
DA:949,0
DA:950,0
DA:952,0
DA:957,0
DA:959,0
DA:969,0
DA:972,0
DA:975,0
DA:978,0
DA:979,0
DA:980,0
DA:981,0
DA:984,0
DA:986,0
DA:990,0
DA:991,0
DA:992,0
DA:996,0
DA:1001,0
DA:1003,0
DA:1004,0
DA:1007,0
DA:1008,0
DA:1009,0
DA:1011,0
DA:1012,0
DA:1013,0
DA:1015,0
DA:1016,0
DA:1017,0
DA:1019,0
DA:1022,0
DA:1024,0
DA:1029,0
DA:1030,0
DA:1042,0
DA:1043,0
DA:1044,0
DA:1045,0
DA:1046,0
DA:1052,0
DA:1064,0
DA:1065,0
DA:1066,0
DA:1073,0
DA:1074,0
DA:1075,0
DA:1076,0
DA:1077,0
DA:1079,0
DA:1080,0
DA:1083,0
DA:1084,0
DA:1085,0
DA:1086,0
DA:1087,0
DA:1088,0
DA:1089,0
DA:1098,0
DA:1105,0
DA:1107,0
DA:1108,0
DA:1109,0
DA:1110,0
DA:1116,0
DA:1117,0
DA:1118,0
DA:1119,0
DA:1120,0
DA:1121,0
DA:1123,0
DA:1124,0
DA:1125,0
DA:1126,0
DA:1133,0
DA:1134,0
DA:1137,0
DA:1143,0
DA:1144,0
DA:1148,0
DA:1149,0
DA:1152,0
DA:1153,0
DA:1155,0
DA:1156,0
DA:1158,0
DA:1160,0
DA:1163,0
DA:1167,0
DA:1170,0
DA:1177,0
DA:1178,0
DA:1187,0
DA:1203,0
DA:1204,0
DA:1205,0
DA:1209,0
DA:1210,0
DA:1211,0
DA:1214,0
DA:1215,0
DA:1217,0
DA:1222,0
DA:1223,0
DA:1224,0
DA:1225,0
DA:1226,0
DA:1227,0
DA:1228,0
DA:1229,0
DA:1230,0
DA:1231,0
DA:1233,0
DA:1234,0
DA:1235,0
DA:1236,0
DA:1240,0
DA:1243,0
DA:1244,0
DA:1246,0
DA:1247,0
DA:1258,0
DA:1259,0
DA:1260,0
DA:1263,0
DA:1266,0
DA:1271,0
DA:1276,0
DA:1279,0
DA:1282,0
DA:1288,0
DA:1293,0
DA:1298,0
DA:1303,0
DA:1306,0
DA:1309,0
DA:1312,0
DA:1321,0
DA:1322,0
DA:1324,0
DA:1330,0
DA:1337,0
DA:1340,0
DA:1343,0
DA:1345,0
DA:1348,0
DA:1349,0
DA:1352,0
DA:1353,0
DA:1356,0
DA:1357,0
DA:1366,0
DA:1369,0
DA:1371,0
DA:1374,0
DA:1377,0
DA:1380,0
DA:1383,0
DA:1386,0
DA:1389,0
DA:1390,0
DA:1391,0
DA:1394,0
DA:1396,0
DA:1397,0
DA:1398,0
DA:1400,0
DA:1401,0
DA:1402,0
DA:1403,0
DA:1404,0
DA:1407,0
DA:1412,0
DA:1413,0
DA:1414,0
DA:1416,0
DA:1417,0
DA:1418,0
DA:1419,0
DA:1430,0
DA:1433,0
DA:1434,0
DA:1436,0
DA:1437,0
DA:1438,0
DA:1439,0
DA:1440,0
DA:1442,0
DA:1443,0
DA:1444,0
DA:1445,0
DA:1449,0
DA:1459,0
DA:1462,0
DA:1463,0
DA:1465,0
DA:1466,0
DA:1473,0
DA:1474,0
DA:1475,0
DA:1477,0
DA:1478,0
DA:1490,0
DA:1491,0
DA:1492,0
DA:1503,0
DA:1504,0
DA:1506,0
DA:1509,0
DA:1512,0
DA:1515,0
DA:1516,0
DA:1517,0
DA:1518,0
DA:1519,0
DA:1532,0
DA:1533,0
DA:1536,0
DA:1539,0
DA:1542,0
DA:1544,0
DA:1546,0
DA:1549,0
DA:1550,0
DA:1551,0
DA:1552,0
DA:1553,0
DA:1555,0
DA:1556,0
DA:1557,0
DA:1568,0
DA:1569,0
DA:1578,0
DA:1579,0
DA:1588,0
DA:1589,0
DA:1590,0
DA:1594,0
DA:1595,0
DA:1596,0
DA:1597,0
DA:1598,0
DA:1601,0
DA:1603,0
DA:1604,0
DA:1607,0
DA:1608,0
DA:1609,0
DA:1611,0
DA:1614,0
DA:1615,0
DA:1618,0
DA:1627,0
DA:1628,0
DA:1629,0
DA:1639,0
DA:1640,0
DA:1641,0
DA:1653,0
DA:1654,0
DA:1655,0
DA:1657,0
DA:1662,0
DA:1663,0
DA:1667,0
DA:1672,0
DA:1673,0
DA:1674,0
DA:1678,0
DA:1679,0
DA:1688,0
DA:1690,0
DA:1691,0
DA:1692,0
DA:1695,0
DA:1696,0
DA:1705,0
DA:1706,0
DA:1707,0
DA:1710,0
DA:1724,0
DA:1725,0
DA:1726,0
DA:1727,0
DA:1729,0
DA:1730,0
DA:1732,0
DA:1737,0
DA:1739,0
DA:1740,0
DA:1742,0
DA:1743,0
DA:1744,0
DA:1748,0
DA:1749,0
DA:1750,0
DA:1752,0
DA:1753,0
DA:1754,0
DA:1755,0
DA:1770,0
DA:1774,0
DA:1777,0
DA:1778,0
DA:1779,0
DA:1784,0
DA:1787,0
DA:1790,0
DA:1794,0
DA:1795,0
DA:1796,0
DA:1800,0
DA:1801,0
DA:1805,0
DA:1806,0
DA:1807,0
DA:1808,0
DA:1811,0
DA:1812,0
DA:1813,0
DA:1816,0
DA:1819,0
DA:1822,0
DA:1823,0
DA:1825,0
DA:1827,0
DA:1828,0
DA:1829,0
DA:1830,0
DA:1832,0
DA:1833,0
DA:1834,0
DA:1835,0
DA:1839,0
DA:1840,0
DA:1844,0
LF:667
LH:0
BRDA:1,0,0,0
BRDA:1,0,1,0
BRDA:1,1,0,0
BRDA:1,1,1,0
BRDA:1,2,0,0
BRDA:1,2,1,0
BRDA:1,3,0,0
BRDA:1,3,1,0
BRDA:1,4,0,0
BRDA:1,4,1,0
BRDA:1,5,0,0
BRDA:1,5,1,0
BRDA:1,6,0,0
BRDA:1,6,1,0
BRDA:1,7,0,0
BRDA:1,7,1,0
BRDA:24,8,0,0
BRDA:24,8,1,0
BRDA:24,8,2,0
BRDA:28,9,0,0
BRDA:28,9,1,0
BRDA:32,10,0,0
BRDA:32,10,1,0
BRDA:34,11,0,0
BRDA:34,11,1,0
BRDA:49,12,0,0
BRDA:49,12,1,0
BRDA:53,13,0,0
BRDA:53,13,1,0
BRDA:72,14,0,0
BRDA:72,14,1,0
BRDA:72,15,0,0
BRDA:72,15,1,0
BRDA:75,16,0,0
BRDA:75,16,1,0
BRDA:97,17,0,0
BRDA:97,17,1,0
BRDA:97,18,0,0
BRDA:97,18,1,0
BRDA:105,19,0,0
BRDA:105,19,1,0
BRDA:105,20,0,0
BRDA:105,20,1,0
BRDA:150,21,0,0
BRDA:150,21,1,0
BRDA:153,22,0,0
BRDA:153,22,1,0
BRDA:174,23,0,0
BRDA:174,23,1,0
BRDA:178,24,0,0
BRDA:178,24,1,0
BRDA:185,25,0,0
BRDA:185,25,1,0
BRDA:191,26,0,0
BRDA:191,26,1,0
BRDA:197,27,0,0
BRDA:197,27,1,0
BRDA:228,28,0,0
BRDA:228,28,1,0
BRDA:232,29,0,0
BRDA:232,29,1,0
BRDA:239,30,0,0
BRDA:239,30,1,0
BRDA:239,31,0,0
BRDA:239,31,1,0
BRDA:250,32,0,0
BRDA:250,32,1,0
BRDA:271,33,0,0
BRDA:271,33,1,0
BRDA:272,34,0,0
BRDA:272,34,1,0
BRDA:280,35,0,0
BRDA:280,35,1,0
BRDA:302,36,0,0
BRDA:302,36,1,0
BRDA:323,37,0,0
BRDA:323,37,1,0
BRDA:326,38,0,0
BRDA:326,38,1,0
BRDA:326,39,0,0
BRDA:326,39,1,0
BRDA:330,40,0,0
BRDA:330,40,1,0
BRDA:334,41,0,0
BRDA:334,41,1,0
BRDA:334,42,0,0
BRDA:334,42,1,0
BRDA:340,43,0,0
BRDA:340,43,1,0
BRDA:344,44,0,0
BRDA:344,44,1,0
BRDA:345,45,0,0
BRDA:345,45,1,0
BRDA:362,46,0,0
BRDA:362,46,1,0
BRDA:379,47,0,0
BRDA:379,47,1,0
BRDA:392,48,0,0
BRDA:392,48,1,0
BRDA:431,49,0,0
BRDA:431,49,1,0
BRDA:450,50,0,0
BRDA:450,50,1,0
BRDA:451,51,0,0
BRDA:451,51,1,0
BRDA:506,52,0,0
BRDA:506,52,1,0
BRDA:543,53,0,0
BRDA:543,53,1,0
BRDA:546,54,0,0
BRDA:546,54,1,0
BRDA:546,55,0,0
BRDA:546,55,1,0
BRDA:552,56,0,0
BRDA:552,56,1,0
BRDA:585,57,0,0
BRDA:585,57,1,0
BRDA:590,58,0,0
BRDA:590,58,1,0
BRDA:609,59,0,0
BRDA:609,59,1,0
BRDA:609,60,0,0
BRDA:609,60,1,0
BRDA:610,61,0,0
BRDA:610,61,1,0
BRDA:684,62,0,0
BRDA:684,62,1,0
BRDA:687,63,0,0
BRDA:687,63,1,0
BRDA:746,64,0,0
BRDA:746,64,1,0
BRDA:747,65,0,0
BRDA:747,65,1,0
BRDA:750,66,0,0
BRDA:750,66,1,0
BRDA:750,67,0,0
BRDA:750,67,1,0
BRDA:752,68,0,0
BRDA:752,68,1,0
BRDA:752,69,0,0
BRDA:752,69,1,0
BRDA:754,70,0,0
BRDA:754,70,1,0
BRDA:792,71,0,0
BRDA:792,71,1,0
BRDA:796,72,0,0
BRDA:796,72,1,0
BRDA:799,73,0,0
BRDA:799,73,1,0
BRDA:799,74,0,0
BRDA:799,74,1,0
BRDA:840,75,0,0
BRDA:840,75,1,0
BRDA:849,76,0,0
BRDA:849,76,1,0
BRDA:853,77,0,0
BRDA:853,77,1,0
BRDA:855,78,0,0
BRDA:855,78,1,0
BRDA:905,79,0,0
BRDA:905,79,1,0
BRDA:920,80,0,0
BRDA:920,80,1,0
BRDA:934,81,0,0
BRDA:934,81,1,0
BRDA:934,82,0,0
BRDA:934,82,1,0
BRDA:939,83,0,0
BRDA:939,83,1,0
BRDA:939,84,0,0
BRDA:939,84,1,0
BRDA:949,85,0,0
BRDA:949,85,1,0
BRDA:979,86,0,0
BRDA:979,86,1,0
BRDA:979,87,0,0
BRDA:979,87,1,0
BRDA:1043,88,0,0
BRDA:1043,88,1,0
BRDA:1043,89,0,0
BRDA:1043,89,1,0
BRDA:1045,90,0,0
BRDA:1045,90,1,0
BRDA:1079,91,0,0
BRDA:1079,91,1,0
BRDA:1083,92,0,0
BRDA:1083,92,1,0
BRDA:1085,93,0,0
BRDA:1085,93,1,0
BRDA:1108,94,0,0
BRDA:1108,94,1,0
BRDA:1121,95,0,0
BRDA:1121,95,1,0
BRDA:1123,96,0,0
BRDA:1123,96,1,0
BRDA:1126,97,0,0
BRDA:1126,97,1,0
BRDA:1138,98,0,0
BRDA:1138,98,1,0
BRDA:1148,99,0,0
BRDA:1148,99,1,0
BRDA:1148,100,0,0
BRDA:1148,100,1,0
BRDA:1158,101,0,0
BRDA:1158,101,1,0
BRDA:1160,102,0,0
BRDA:1160,102,1,0
BRDA:1170,103,0,0
BRDA:1170,103,1,0
BRDA:1235,104,0,0
BRDA:1235,104,1,0
BRDA:1418,105,0,0
BRDA:1418,105,1,0
BRDA:1436,106,0,0
BRDA:1436,106,1,0
BRDA:1473,107,0,0
BRDA:1473,107,1,0
BRDA:1473,108,0,0
BRDA:1473,108,1,0
BRDA:1491,109,0,0
BRDA:1491,109,1,0
BRDA:1491,110,0,0
BRDA:1491,110,1,0
BRDA:1504,111,0,0
BRDA:1504,111,1,0
BRDA:1515,112,0,0
BRDA:1515,112,1,0
BRDA:1515,113,0,0
BRDA:1515,113,1,0
BRDA:1515,113,2,0
BRDA:1546,114,0,0
BRDA:1546,114,1,0
BRDA:1556,115,0,0
BRDA:1556,115,1,0
BRDA:1589,116,0,0
BRDA:1589,116,1,0
BRDA:1628,117,0,0
BRDA:1628,117,1,0
BRDA:1640,118,0,0
BRDA:1640,118,1,0
BRDA:1655,119,0,0
BRDA:1655,119,1,0
BRDA:1658,120,0,0
BRDA:1658,120,1,0
BRDA:1662,121,0,0
BRDA:1662,121,1,0
BRDA:1662,122,0,0
BRDA:1662,122,1,0
BRDA:1664,123,0,0
BRDA:1664,123,1,0
BRDA:1667,124,0,0
BRDA:1667,124,1,0
BRDA:1690,125,0,0
BRDA:1690,125,1,0
BRDA:1691,126,0,0
BRDA:1691,126,1,0
BRDA:1725,127,0,0
BRDA:1725,127,1,0
BRDA:1725,128,0,0
BRDA:1725,128,1,0
BRDA:1729,129,0,0
BRDA:1729,129,1,0
BRDA:1749,130,0,0
BRDA:1749,130,1,0
BRDA:1749,131,0,0
BRDA:1749,131,1,0
BRDA:1806,132,0,0
BRDA:1806,132,1,0
BRDA:1816,133,0,0
BRDA:1816,133,1,0
BRDA:1823,134,0,0
BRDA:1823,134,1,0
BRDA:1832,135,0,0
BRDA:1832,135,1,0
BRF:274
BRH:0
end_of_record
TN:
SF:dist\js\material-photo-gallery.min.js
FN:1,t
FN:2,s
FN:14,(anonymous_2)
FN:24,(anonymous_3)
FN:25,(anonymous_4)
FN:28,n
FN:33,(anonymous_6)
FN:34,(anonymous_7)
FN:36,(anonymous_8)
FN:37,(anonymous_9)
FN:40,(anonymous_10)
FN:45,(anonymous_11)
FN:46,(anonymous_12)
FN:48,(anonymous_13)
FN:63,(anonymous_14)
FN:64,(anonymous_15)
FN:66,(anonymous_16)
FN:69,(anonymous_17)
FN:72,n
FN:77,s
FN:81,o
FN:90,r
FN:94,(anonymous_22)
FN:99,l
FN:103,h
FN:109,(anonymous_25)
FN:115,(anonymous_26)
FN:137,(anonymous_27)
FN:143,(anonymous_28)
FN:146,(anonymous_29)
FN:149,(anonymous_30)
FN:152,(anonymous_31)
FN:153,t
FN:154,(anonymous_33)
FN:164,(anonymous_34)
FN:166,(anonymous_35)
FN:172,(anonymous_36)
FN:175,(anonymous_37)
FN:177,(anonymous_38)
FN:179,(anonymous_39)
FN:182,(anonymous_40)
FN:184,(anonymous_41)
FN:186,(anonymous_42)
FN:188,(anonymous_43)
FN:192,(anonymous_44)
FN:194,(anonymous_45)
FN:196,(anonymous_46)
FN:197,(anonymous_47)
FN:207,(anonymous_48)
FN:208,(anonymous_49)
FN:211,t
FN:213,i
FN:219,n
FN:220,(anonymous_53)
FN:227,(anonymous_54)
FN:234,(anonymous_55)
FN:238,(anonymous_56)
FN:241,(anonymous_57)
FN:249,(anonymous_58)
FN:254,(anonymous_59)
FN:256,(anonymous_60)
FN:259,(anonymous_61)
FN:263,(anonymous_62)
FN:265,(anonymous_63)
FN:267,(anonymous_64)
FN:275,(anonymous_65)
FN:283,(anonymous_66)
FN:289,(anonymous_67)
FN:292,(anonymous_68)
FN:294,(anonymous_69)
FN:296,(anonymous_70)
FN:298,(anonymous_71)
FN:300,(anonymous_72)
FN:305,(anonymous_73)
FN:306,(anonymous_74)
FN:308,(anonymous_75)
FN:311,t
FN:313,(anonymous_77)
FN:318,e
FN:340,(anonymous_79)
FN:346,(anonymous_80)
FN:347,(anonymous_81)
FN:349,(anonymous_82)
FN:352,n
FN:354,(anonymous_84)
FN:357,(anonymous_85)
FN:365,s
FN:369,o
FN:373,r
FN:382,(anonymous_89)
FN:418,(anonymous_90)
FN:421,(anonymous_91)
FN:423,(anonymous_92)
FN:425,(anonymous_93)
FN:429,(anonymous_94)
FN:438,(anonymous_95)
FN:441,(anonymous_96)
FN:443,(anonymous_97)
FN:444,(anonymous_98)
FN:450,(anonymous_99)
FN:453,(anonymous_100)
FN:456,(anonymous_101)
FN:458,(anonymous_102)
FN:460,(anonymous_103)
FN:463,(anonymous_104)
FN:465,(anonymous_105)
FN:474,(anonymous_106)
FN:477,(anonymous_107)
FN:482,(anonymous_108)
FN:493,(anonymous_109)
FN:495,(anonymous_110)
FN:497,(anonymous_111)
FN:499,(anonymous_112)
FN:500,(anonymous_113)
FN:503,(anonymous_114)
FN:505,(anonymous_115)
FN:507,(anonymous_116)
FN:509,(anonymous_117)
FN:510,(anonymous_118)
FN:511,(anonymous_119)
FN:514,(anonymous_120)
FN:520,(anonymous_121)
FN:522,(anonymous_122)
FN:524,(anonymous_123)
FN:526,(anonymous_124)
FN:527,t
FN:531,(anonymous_126)
FN:540,(anonymous_127)
FN:541,(anonymous_128)
FN:542,(anonymous_129)
FN:545,(anonymous_130)
FN:550,(anonymous_131)
FN:551,(anonymous_132)
FN:555,(anonymous_133)
FN:559,(anonymous_134)
FN:563,(anonymous_135)
FN:567,(anonymous_136)
FNF:137
FNH:0
FNDA:0,t
FNDA:0,s
FNDA:0,(anonymous_2)
FNDA:0,(anonymous_3)
FNDA:0,(anonymous_4)
FNDA:0,n
FNDA:0,(anonymous_6)
FNDA:0,(anonymous_7)
FNDA:0,(anonymous_8)
FNDA:0,(anonymous_9)
FNDA:0,(anonymous_10)
FNDA:0,(anonymous_11)
FNDA:0,(anonymous_12)
FNDA:0,(anonymous_13)
FNDA:0,(anonymous_14)
FNDA:0,(anonymous_15)
FNDA:0,(anonymous_16)
FNDA:0,(anonymous_17)
FNDA:0,n
FNDA:0,s
FNDA:0,o
FNDA:0,r
FNDA:0,(anonymous_22)
FNDA:0,l
FNDA:0,h
FNDA:0,(anonymous_25)
FNDA:0,(anonymous_26)
FNDA:0,(anonymous_27)
FNDA:0,(anonymous_28)
FNDA:0,(anonymous_29)
FNDA:0,(anonymous_30)
FNDA:0,(anonymous_31)
FNDA:0,t
FNDA:0,(anonymous_33)
FNDA:0,(anonymous_34)
FNDA:0,(anonymous_35)
FNDA:0,(anonymous_36)
FNDA:0,(anonymous_37)
FNDA:0,(anonymous_38)
FNDA:0,(anonymous_39)
FNDA:0,(anonymous_40)
FNDA:0,(anonymous_41)
FNDA:0,(anonymous_42)
FNDA:0,(anonymous_43)
FNDA:0,(anonymous_44)
FNDA:0,(anonymous_45)
FNDA:0,(anonymous_46)
FNDA:0,(anonymous_47)
FNDA:0,(anonymous_48)
FNDA:0,(anonymous_49)
FNDA:0,t
FNDA:0,i
FNDA:0,n
FNDA:0,(anonymous_53)
FNDA:0,(anonymous_54)
FNDA:0,(anonymous_55)
FNDA:0,(anonymous_56)
FNDA:0,(anonymous_57)
FNDA:0,(anonymous_58)
FNDA:0,(anonymous_59)
FNDA:0,(anonymous_60)
FNDA:0,(anonymous_61)
FNDA:0,(anonymous_62)
FNDA:0,(anonymous_63)
FNDA:0,(anonymous_64)
FNDA:0,(anonymous_65)
FNDA:0,(anonymous_66)
FNDA:0,(anonymous_67)
FNDA:0,(anonymous_68)
FNDA:0,(anonymous_69)
FNDA:0,(anonymous_70)
FNDA:0,(anonymous_71)
FNDA:0,(anonymous_72)
FNDA:0,(anonymous_73)
FNDA:0,(anonymous_74)
FNDA:0,(anonymous_75)
FNDA:0,t
FNDA:0,(anonymous_77)
FNDA:0,e
FNDA:0,(anonymous_79)
FNDA:0,(anonymous_80)
FNDA:0,(anonymous_81)
FNDA:0,(anonymous_82)
FNDA:0,n
FNDA:0,(anonymous_84)
FNDA:0,(anonymous_85)
FNDA:0,s
FNDA:0,o
FNDA:0,r
FNDA:0,(anonymous_89)
FNDA:0,(anonymous_90)
FNDA:0,(anonymous_91)
FNDA:0,(anonymous_92)
FNDA:0,(anonymous_93)
FNDA:0,(anonymous_94)
FNDA:0,(anonymous_95)
FNDA:0,(anonymous_96)
FNDA:0,(anonymous_97)
FNDA:0,(anonymous_98)
FNDA:0,(anonymous_99)
FNDA:0,(anonymous_100)
FNDA:0,(anonymous_101)
FNDA:0,(anonymous_102)
FNDA:0,(anonymous_103)
FNDA:0,(anonymous_104)
FNDA:0,(anonymous_105)
FNDA:0,(anonymous_106)
FNDA:0,(anonymous_107)
FNDA:0,(anonymous_108)
FNDA:0,(anonymous_109)
FNDA:0,(anonymous_110)
FNDA:0,(anonymous_111)
FNDA:0,(anonymous_112)
FNDA:0,(anonymous_113)
FNDA:0,(anonymous_114)
FNDA:0,(anonymous_115)
FNDA:0,(anonymous_116)
FNDA:0,(anonymous_117)
FNDA:0,(anonymous_118)
FNDA:0,(anonymous_119)
FNDA:0,(anonymous_120)
FNDA:0,(anonymous_121)
FNDA:0,(anonymous_122)
FNDA:0,(anonymous_123)
FNDA:0,(anonymous_124)
FNDA:0,t
FNDA:0,(anonymous_126)
FNDA:0,(anonymous_127)
FNDA:0,(anonymous_128)
FNDA:0,(anonymous_129)
FNDA:0,(anonymous_130)
FNDA:0,(anonymous_131)
FNDA:0,(anonymous_132)
FNDA:0,(anonymous_133)
FNDA:0,(anonymous_134)
FNDA:0,(anonymous_135)
FNDA:0,(anonymous_136)
DA:1,0
DA:3,0
DA:4,0
DA:5,0
DA:6,0
DA:7,0
DA:8,0
DA:9,0
DA:11,0
DA:14,0
DA:15,0
DA:16,0
DA:19,0
DA:21,0
DA:22,0
DA:25,0
DA:29,0
DA:30,0
DA:32,0
DA:33,0
DA:34,0
DA:35,0
DA:37,0
DA:38,0
DA:39,0
DA:41,0
DA:42,0
DA:45,0
DA:46,0
DA:47,0
DA:49,0
DA:50,0
DA:51,0
DA:53,0
DA:56,0
DA:60,0
DA:64,0
DA:66,0
DA:67,0
DA:73,0
DA:74,0
DA:78,0
DA:82,0
DA:83,0
DA:84,0
DA:85,0
DA:86,0
DA:87,0
DA:91,0
DA:92,0
DA:93,0
DA:94,0
DA:95,0
DA:100,0
DA:104,0
DA:106,0
DA:107,0
DA:108,0
DA:109,0
DA:110,0
DA:111,0
DA:112,0
DA:113,0
DA:116,0
DA:117,0
DA:118,0
DA:119,0
DA:120,0
DA:121,0
DA:123,0
DA:124,0
DA:125,0
DA:126,0
DA:127,0
DA:132,0
DA:137,0
DA:138,0
DA:139,0
DA:140,0
DA:143,0
DA:144,0
DA:146,0
DA:147,0
DA:148,0
DA:150,0
DA:151,0
DA:154,0
DA:155,0
DA:158,0
DA:159,0
DA:160,0
DA:161,0
DA:162,0
DA:165,0
DA:167,0
DA:168,0
DA:169,0
DA:170,0
DA:173,0
DA:174,0
DA:176,0
DA:178,0
DA:180,0
DA:181,0
DA:183,0
DA:185,0
DA:187,0
DA:189,0
DA:190,0
DA:191,0
DA:193,0
DA:195,0
DA:197,0
DA:198,0
DA:199,0
DA:208,0
DA:214,0
DA:215,0
DA:216,0
DA:220,0
DA:221,0
DA:224,0
DA:225,0
DA:226,0
DA:227,0
DA:228,0
DA:229,0
DA:230,0
DA:231,0
DA:232,0
DA:233,0
DA:235,0
DA:236,0
DA:237,0
DA:239,0
DA:240,0
DA:242,0
DA:243,0
DA:244,0
DA:248,0
DA:250,0
DA:255,0
DA:257,0
DA:258,0
DA:260,0
DA:261,0
DA:262,0
DA:264,0
DA:266,0
DA:268,0
DA:269,0
DA:270,0
DA:271,0
DA:273,0
DA:274,0
DA:276,0
DA:277,0
DA:278,0
DA:279,0
DA:280,0
DA:281,0
DA:282,0
DA:284,0
DA:285,0
DA:286,0
DA:287,0
DA:288,0
DA:290,0
DA:291,0
DA:293,0
DA:295,0
DA:297,0
DA:299,0
DA:301,0
DA:306,0
DA:307,0
DA:312,0
DA:313,0
DA:314,0
DA:319,0
DA:320,0
DA:321,0
DA:322,0
DA:323,0
DA:325,0
DA:326,0
DA:334,0
DA:335,0
DA:336,0
DA:337,0
DA:341,0
DA:342,0
DA:347,0
DA:348,0
DA:354,0
DA:355,0
DA:356,0
DA:357,0
DA:358,0
DA:360,0
DA:361,0
DA:366,0
DA:370,0
DA:374,0
DA:375,0
DA:376,0
DA:377,0
DA:378,0
DA:379,0
DA:382,0
DA:383,0
DA:385,0
DA:386,0
DA:387,0
DA:388,0
DA:389,0
DA:390,0
DA:391,0
DA:392,0
DA:393,0
DA:394,0
DA:395,0
DA:401,0
DA:402,0
DA:403,0
DA:404,0
DA:405,0
DA:406,0
DA:407,0
DA:408,0
DA:419,0
DA:420,0
DA:421,0
DA:422,0
DA:424,0
DA:426,0
DA:430,0
DA:431,0
DA:432,0
DA:433,0
DA:434,0
DA:435,0
DA:436,0
DA:437,0
DA:438,0
DA:439,0
DA:442,0
DA:444,0
DA:445,0
DA:451,0
DA:452,0
DA:454,0
DA:455,0
DA:457,0
DA:459,0
DA:461,0
DA:462,0
DA:464,0
DA:465,0
DA:466,0
DA:467,0
DA:468,0
DA:469,0
DA:470,0
DA:472,0
DA:475,0
DA:476,0
DA:479,0
DA:480,0
DA:481,0
DA:483,0
DA:484,0
DA:485,0
DA:491,0
DA:494,0
DA:496,0
DA:498,0
DA:500,0
DA:501,0
DA:504,0
DA:506,0
DA:508,0
DA:510,0
DA:511,0
DA:512,0
DA:514,0
DA:515,0
DA:517,0
DA:519,0
DA:521,0
DA:523,0
DA:525,0
DA:528,0
DA:530,0
DA:532,0
DA:541,0
DA:542,0
DA:543,0
DA:547,0
DA:548,0
DA:549,0
DA:550,0
DA:551,0
DA:552,0
DA:555,0
DA:556,0
DA:557,0
DA:559,0
DA:560,0
DA:561,0
DA:563,0
DA:564,0
DA:565,0
DA:566,0
DA:568,0
DA:569,0
DA:570,0
DA:571,0
DA:572,0
DA:573,0
DA:574,0
DA:575,0
DA:576,0
DA:577,0
DA:580,0
DA:581,0
LF:326
LH:0
BRDA:3,0,0,0
BRDA:3,0,1,0
BRDA:4,1,0,0
BRDA:4,1,1,0
BRDA:5,2,0,0
BRDA:5,2,1,0
BRDA:6,3,0,0
BRDA:6,3,1,0
BRDA:6,4,0,0
BRDA:6,4,1,0
BRDA:7,5,0,0
BRDA:7,5,1,0
BRDA:16,6,0,0
BRDA:16,6,1,0
BRDA:21,7,0,0
BRDA:21,7,1,0
BRDA:30,8,0,0
BRDA:30,8,1,0
BRDA:30,8,2,0
BRDA:34,9,0,0
BRDA:34,9,1,0
BRDA:36,10,0,0
BRDA:36,10,1,0
BRDA:37,11,0,0
BRDA:37,11,1,0
BRDA:46,12,0,0
BRDA:46,12,1,0
BRDA:48,13,0,0
BRDA:48,13,1,0
BRDA:60,14,0,0
BRDA:60,14,1,0
BRDA:60,15,0,0
BRDA:60,15,1,0
BRDA:60,16,0,0
BRDA:60,16,1,0
BRDA:66,17,0,0
BRDA:66,17,1,0
BRDA:66,18,0,0
BRDA:66,18,1,0
BRDA:68,19,0,0
BRDA:68,19,1,0
BRDA:68,20,0,0
BRDA:68,20,1,0
BRDA:83,21,0,0
BRDA:83,21,1,0
BRDA:84,22,0,0
BRDA:84,22,1,0
BRDA:91,23,0,0
BRDA:91,23,1,0
BRDA:92,24,0,0
BRDA:92,24,1,0
BRDA:92,25,0,0
BRDA:92,25,1,0
BRDA:92,26,0,0
BRDA:92,26,1,0
BRDA:92,27,0,0
BRDA:92,27,1,0
BRDA:116,28,0,0
BRDA:116,28,1,0
BRDA:116,29,0,0
BRDA:116,29,1,0
BRDA:118,30,0,0
BRDA:118,30,1,0
BRDA:118,31,0,0
BRDA:118,31,1,0
BRDA:123,32,0,0
BRDA:123,32,1,0
BRDA:139,33,0,0
BRDA:139,33,1,0
BRDA:140,34,0,0
BRDA:140,34,1,0
BRDA:143,35,0,0
BRDA:143,35,1,0
BRDA:159,36,0,0
BRDA:159,36,1,0
BRDA:165,37,0,0
BRDA:165,37,1,0
BRDA:165,38,0,0
BRDA:165,38,1,0
BRDA:165,38,2,0
BRDA:165,39,0,0
BRDA:165,39,1,0
BRDA:165,40,0,0
BRDA:165,40,1,0
BRDA:165,40,2,0
BRDA:167,41,0,0
BRDA:167,41,1,0
BRDA:168,42,0,0
BRDA:168,42,1,0
BRDA:169,43,0,0
BRDA:169,43,1,0
BRDA:174,44,0,0
BRDA:174,44,1,0
BRDA:176,45,0,0
BRDA:176,45,1,0
BRDA:181,46,0,0
BRDA:181,46,1,0
BRDA:191,47,0,0
BRDA:191,47,1,0
BRDA:197,48,0,0
BRDA:197,48,1,0
BRDA:197,49,0,0
BRDA:197,49,1,0
BRDA:215,50,0,0
BRDA:215,50,1,0
BRDA:229,51,0,0
BRDA:229,51,1,0
BRDA:231,52,0,0
BRDA:231,52,1,0
BRDA:231,52,2,0
BRDA:232,53,0,0
BRDA:232,53,1,0
BRDA:240,54,0,0
BRDA:240,54,1,0
BRDA:240,55,0,0
BRDA:240,55,1,0
BRDA:244,56,0,0
BRDA:244,56,1,0
BRDA:244,56,2,0
BRDA:244,57,0,0
BRDA:244,57,1,0
BRDA:261,58,0,0
BRDA:261,58,1,0
BRDA:261,59,0,0
BRDA:261,59,1,0
BRDA:268,60,0,0
BRDA:268,60,1,0
BRDA:269,61,0,0
BRDA:269,61,1,0
BRDA:270,62,0,0
BRDA:270,62,1,0
BRDA:270,63,0,0
BRDA:270,63,1,0
BRDA:273,64,0,0
BRDA:273,64,1,0
BRDA:273,64,2,0
BRDA:273,65,0,0
BRDA:273,65,1,0
BRDA:278,66,0,0
BRDA:278,66,1,0
BRDA:279,67,0,0
BRDA:279,67,1,0
BRDA:280,68,0,0
BRDA:280,68,1,0
BRDA:280,68,2,0
BRDA:286,69,0,0
BRDA:286,69,1,0
BRDA:287,70,0,0
BRDA:287,70,1,0
BRDA:287,71,0,0
BRDA:287,71,1,0
BRDA:287,72,0,0
BRDA:287,72,1,0
BRDA:295,73,0,0
BRDA:295,73,1,0
BRDA:297,74,0,0
BRDA:297,74,1,0
BRDA:300,75,0,0
BRDA:300,75,1,0
BRDA:300,76,0,0
BRDA:300,76,1,0
BRDA:302,77,0,0
BRDA:302,77,1,0
BRDA:302,78,0,0
BRDA:302,78,1,0
BRDA:307,79,0,0
BRDA:307,79,1,0
BRDA:313,80,0,0
BRDA:313,80,1,0
BRDA:313,81,0,0
BRDA:313,81,1,0
BRDA:348,82,0,0
BRDA:348,82,1,0
BRDA:348,83,0,0
BRDA:348,83,1,0
BRDA:348,84,0,0
BRDA:348,84,1,0
BRDA:358,85,0,0
BRDA:358,85,1,0
BRDA:360,86,0,0
BRDA:360,86,1,0
BRDA:361,87,0,0
BRDA:361,87,1,0
BRDA:366,88,0,0
BRDA:366,88,1,0
BRDA:374,89,0,0
BRDA:374,89,1,0
BRDA:374,90,0,0
BRDA:374,90,1,0
BRDA:379,91,0,0
BRDA:379,91,1,0
BRDA:379,92,0,0
BRDA:379,92,1,0
BRDA:390,93,0,0
BRDA:390,93,1,0
BRDA:390,94,0,0
BRDA:390,94,1,0
BRDA:392,95,0,0
BRDA:392,95,1,0
BRDA:403,96,0,0
BRDA:403,96,1,0
BRDA:439,97,0,0
BRDA:439,97,1,0
BRDA:476,98,0,0
BRDA:476,98,1,0
BRDA:479,99,0,0
BRDA:479,99,1,0
BRDA:491,100,0,0
BRDA:491,100,1,0
BRDA:491,101,0,0
BRDA:491,101,1,0
BRDA:494,102,0,0
BRDA:494,102,1,0
BRDA:494,102,2,0
BRDA:496,103,0,0
BRDA:496,103,1,0
BRDA:496,104,0,0
BRDA:496,104,1,0
BRDA:496,104,2,0
BRDA:496,104,3,0
BRDA:498,105,0,0
BRDA:498,105,1,0
BRDA:501,106,0,0
BRDA:501,106,1,0
BRDA:508,107,0,0
BRDA:508,107,1,0
BRDA:521,108,0,0
BRDA:521,108,1,0
BRDA:523,109,0,0
BRDA:523,109,1,0
BRDA:525,110,0,0
BRDA:525,110,1,0
BRDA:525,111,0,0
BRDA:525,111,1,0
BRDA:525,112,0,0
BRDA:525,112,1,0
BRDA:525,112,2,0
BRDA:525,113,0,0
BRDA:525,113,1,0
BRDA:525,114,0,0
BRDA:525,114,1,0
BRDA:528,115,0,0
BRDA:528,115,1,0
BRDA:528,116,0,0
BRDA:528,116,1,0
BRDA:542,117,0,0
BRDA:542,117,1,0
BRDA:542,118,0,0
BRDA:542,118,1,0
BRDA:544,119,0,0
BRDA:544,119,1,0
BRDA:564,120,0,0
BRDA:564,120,1,0
BRDA:566,121,0,0
BRDA:566,121,1,0
BRDA:569,122,0,0
BRDA:569,122,1,0
BRDA:575,123,0,0
BRDA:575,123,1,0
BRF:259
BRH:0
end_of_record
TN:
SF:js\about.js
FN:8,handleScroll
FNF:1
FNH:0
FNDA:0,handleScroll
DA:1,0
DA:3,0
DA:5,0
DA:11,0
DA:13,0
DA:14,0
DA:16,0
DA:17,0
DA:18,0
LF:9
LH:0
BRDA:11,0,0,0
BRDA:11,0,1,0
BRDA:13,1,0,0
BRDA:13,1,1,0
BRDA:16,2,0,0
BRDA:16,2,1,0
BRDA:17,3,0,0
BRDA:17,3,1,0
BRF:8
BRH:0
end_of_record
TN:
SF:js\animals.js
FN:6,handleMouseMove
FNF:1
FNH:0
FNDA:0,handleMouseMove
DA:1,0
DA:2,0
DA:4,0
LF:3
LH:0
BRF:0
BRH:0
end_of_record
TN:
SF:js\bike.js
FN:8,handleScroll
FNF:1
FNH:0
FNDA:0,handleScroll
DA:1,0
DA:2,0
DA:4,0
DA:6,0
DA:10,0
DA:11,0
DA:12,0
DA:13,0
DA:14,0
DA:17,0
DA:18,0
DA:19,0
DA:20,0
DA:21,0
LF:14
LH:0
BRDA:10,0,0,0
BRDA:10,0,1,0
BRDA:11,1,0,0
BRDA:11,1,1,0
BRDA:17,2,0,0
BRDA:17,2,1,0
BRDA:18,3,0,0
BRDA:18,3,1,0
BRF:8
BRH:0
end_of_record
TN:
SF:js\cursor.js
FN:14,handleMouseMove
FN:39,(anonymous_1)
FN:44,(anonymous_2)
FN:51,handleScroll
FNF:4
FNH:0
FNDA:0,handleMouseMove
FNDA:0,(anonymous_1)
FNDA:0,(anonymous_2)
FNDA:0,handleScroll
DA:1,0
DA:2,0
DA:3,0
DA:7,0
DA:8,0
DA:9,0
DA:11,0
DA:12,0
DA:15,0
DA:16,0
DA:17,0
DA:18,0
DA:19,0
DA:21,0
DA:23,0
DA:24,0
DA:26,0
DA:27,0
DA:29,0
DA:30,0
DA:31,0
DA:34,0
DA:35,0
DA:37,0
DA:39,0
DA:40,0
DA:41,0
DA:44,0
DA:45,0
DA:46,0
DA:47,0
DA:52,0
DA:53,0
DA:54,0
DA:55,0
DA:56,0
DA:59,0
DA:60,0
DA:61,0
DA:62,0
DA:63,0
LF:41
LH:0
BRDA:37,0,0,0
BRDA:37,0,1,0
BRDA:45,1,0,0
BRDA:45,1,1,0
BRDA:52,2,0,0
BRDA:52,2,1,0
BRDA:53,3,0,0
BRDA:53,3,1,0
BRDA:59,4,0,0
BRDA:59,4,1,0
BRDA:60,5,0,0
BRDA:60,5,1,0
BRF:12
BRH:0
end_of_record
TN:
SF:js\fungarium.js
FN:9,handleScroll
FN:27,handleMouseMove
FNF:2
FNH:0
FNDA:0,handleScroll
FNDA:0,handleMouseMove
DA:1,0
DA:2,0
DA:4,0
DA:7,0
DA:11,0
DA:12,0
DA:13,0
DA:14,0
DA:15,0
DA:18,0
DA:19,0
DA:20,0
DA:21,0
DA:22,0
DA:28,0
DA:29,0
LF:16
LH:0
BRDA:11,0,0,0
BRDA:11,0,1,0
BRDA:12,1,0,0
BRDA:12,1,1,0
BRDA:18,2,0,0
BRDA:18,2,1,0
BRDA:19,3,0,0
BRDA:19,3,1,0
BRF:8
BRH:0
end_of_record
TN:
SF:js\herbarium.js
FN:6,handleMouseMove
FNF:1
FNH:0
FNDA:0,handleMouseMove
DA:1,0
DA:2,0
DA:4,0
DA:7,0
DA:8,0
LF:5
LH:0
BRF:0
BRH:0
end_of_record
TN:
SF:js\jquery.min.js
FN:2,(anonymous_0)
FN:2,(anonymous_1)
FN:2,(anonymous_2)
FN:2,(anonymous_3)
FN:2,(anonymous_4)
FN:2,(anonymous_5)
FN:2,(anonymous_6)
FN:2,(anonymous_7)
FN:2,(anonymous_8)
FN:2,(anonymous_9)
FN:2,(anonymous_10)
FN:2,(anonymous_11)
FN:2,(anonymous_12)
FN:2,(anonymous_13)
FN:2,(anonymous_14)
FN:2,(anonymous_15)
FN:2,(anonymous_16)
FN:2,(anonymous_17)
FN:2,(anonymous_18)
FN:2,(anonymous_19)
FN:2,(anonymous_20)
FN:2,(anonymous_21)
FN:2,(anonymous_22)
FN:2,(anonymous_23)
FN:2,(anonymous_24)
FN:2,(anonymous_25)
FN:2,(anonymous_26)
FN:2,(anonymous_27)
FN:2,(anonymous_28)
FN:2,(anonymous_29)
FN:2,(anonymous_30)
FN:2,(anonymous_31)
FN:2,(anonymous_32)
FN:2,(anonymous_33)
FN:2,(anonymous_34)
FN:2,(anonymous_35)
FN:2,(anonymous_36)
FN:2,(anonymous_37)
FN:2,s
FN:2,(anonymous_39)
FN:2,(anonymous_40)
FN:2,(anonymous_41)
FN:2,(anonymous_42)
FN:2,(anonymous_43)
FN:2,(anonymous_44)
FN:2,(anonymous_45)
FN:2,fa
FN:2,ga
FN:2,b
FN:2,ha
FN:2,ia
FN:2,ja
FN:2,ka
FN:2,la
FN:2,(anonymous_54)
FN:2,ma
FN:2,(anonymous_56)
FN:2,na
FN:2,(anonymous_58)
FN:2,(anonymous_59)
FN:2,oa
FN:2,(anonymous_61)
FN:2,(anonymous_62)
FN:2,(anonymous_63)
FN:2,(anonymous_64)
FN:2,(anonymous_65)
FN:2,(anonymous_66)
FN:2,(anonymous_67)
FN:2,(anonymous_68)
FN:2,(anonymous_69)
FN:2,(anonymous_70)
FN:2,(anonymous_71)
FN:2,(anonymous_72)
FN:2,(anonymous_73)
FN:2,(anonymous_74)
FN:2,(anonymous_75)
FN:2,(anonymous_76)
FN:2,(anonymous_77)
FN:2,(anonymous_78)
FN:2,(anonymous_79)
FN:2,(anonymous_80)
FN:2,(anonymous_81)
FN:2,(anonymous_82)
FN:2,(anonymous_83)
FN:2,(anonymous_84)
FN:2,(anonymous_85)
FN:2,(anonymous_86)
FN:2,(anonymous_87)
FN:2,(anonymous_88)
FN:2,(anonymous_89)
FN:2,(anonymous_90)
FN:2,(anonymous_91)
FN:2,(anonymous_92)
FN:2,(anonymous_93)
FN:2,(anonymous_94)
FN:2,(anonymous_95)
FN:2,(anonymous_96)
FN:2,(anonymous_97)
FN:2,(anonymous_98)
FN:2,(anonymous_99)
FN:2,(anonymous_100)
FN:2,(anonymous_101)
FN:2,(anonymous_102)
FN:2,(anonymous_103)
FN:2,(anonymous_104)
FN:2,(anonymous_105)
FN:2,(anonymous_106)
FN:2,(anonymous_107)
FN:2,(anonymous_108)
FN:2,(anonymous_109)
FN:2,(anonymous_110)
FN:2,(anonymous_111)
FN:2,(anonymous_112)
FN:2,(anonymous_113)
FN:2,(anonymous_114)
FN:2,(anonymous_115)
FN:2,(anonymous_116)
FN:2,(anonymous_117)
FN:2,(anonymous_118)
FN:2,(anonymous_119)
FN:2,(anonymous_120)
FN:2,(anonymous_121)
FN:2,(anonymous_122)
FN:2,(anonymous_123)
FN:2,(anonymous_124)
FN:2,(anonymous_125)
FN:2,(anonymous_126)
FN:2,(anonymous_127)
FN:2,(anonymous_128)
FN:2,(anonymous_129)
FN:2,(anonymous_130)
FN:2,(anonymous_131)
FN:2,(anonymous_132)
FN:2,pa
FN:2,(anonymous_134)
FN:2,qa
FN:2,ra
FN:2,(anonymous_137)
FN:2,(anonymous_138)
FN:2,sa
FN:2,(anonymous_140)
FN:2,ta
FN:2,ua
FN:2,va
FN:2,(anonymous_144)
FN:2,wa
FN:2,(anonymous_146)
FN:2,(anonymous_147)
FN:2,(anonymous_148)
FN:2,xa
FN:2,(anonymous_150)
FN:2,(anonymous_151)
FN:2,(anonymous_152)
FN:2,(anonymous_153)
FN:2,(anonymous_154)
FN:2,(anonymous_155)
FN:2,(anonymous_156)
FN:2,(anonymous_157)
FN:2,(anonymous_158)
FN:2,(anonymous_159)
FN:2,(anonymous_160)
FN:2,(anonymous_161)
FN:2,z
FN:2,(anonymous_163)
FN:2,(anonymous_164)
FN:2,(anonymous_165)
FN:2,(anonymous_166)
FN:2,(anonymous_167)
FN:2,(anonymous_168)
FN:2,(anonymous_169)
FN:2,(anonymous_170)
FN:2,(anonymous_171)
FN:2,(anonymous_172)
FN:2,(anonymous_173)
FN:2,(anonymous_174)
FN:2,(anonymous_175)
FN:2,(anonymous_176)
FN:2,(anonymous_177)
FN:2,(anonymous_178)
FN:2,(anonymous_179)
FN:2,F
FN:2,(anonymous_181)
FN:2,(anonymous_182)
FN:2,(anonymous_183)
FN:2,(anonymous_184)
FN:2,(anonymous_185)
FN:2,(anonymous_186)
FN:2,(anonymous_187)
FN:2,(anonymous_188)
FN:2,(anonymous_189)
FN:2,(anonymous_190)
FN:2,(anonymous_191)
FN:2,(anonymous_192)
FN:2,(anonymous_193)
FN:2,(anonymous_194)
FN:2,H
FN:2,(anonymous_196)
FN:2,(anonymous_197)
FN:2,(anonymous_198)
FN:2,(anonymous_199)
FN:2,d
FN:2,(anonymous_201)
FN:2,(anonymous_202)
FN:2,(anonymous_203)
FN:2,(anonymous_204)
FN:2,(anonymous_205)
FN:2,(anonymous_206)
FN:2,(anonymous_207)
FN:2,(anonymous_208)
FN:2,(anonymous_209)
FN:2,(anonymous_210)
FN:2,(anonymous_211)
FN:2,(anonymous_212)
FN:2,(anonymous_213)
FN:2,(anonymous_214)
FN:2,(anonymous_215)
FN:2,(anonymous_216)
FN:2,(anonymous_217)
FN:2,(anonymous_218)
FN:2,(anonymous_219)
FN:2,(anonymous_220)
FN:2,(anonymous_221)
FN:2,(anonymous_222)
FN:2,(anonymous_223)
FN:2,(anonymous_224)
FN:2,(anonymous_225)
FN:2,(anonymous_226)
FN:2,(anonymous_227)
FN:2,(anonymous_228)
FN:2,(anonymous_229)
FN:2,J
FN:2,(anonymous_231)
FN:2,(anonymous_232)
FN:2,(anonymous_233)
FN:2,(anonymous_234)
FN:2,M
FN:2,(anonymous_236)
FN:2,(anonymous_237)
FN:2,(anonymous_238)
FN:2,(anonymous_239)
FN:2,(anonymous_240)
FN:2,(anonymous_241)
FN:2,(anonymous_242)
FN:2,R
FN:3,(anonymous_244)
FN:3,(anonymous_245)
FN:3,(anonymous_246)
FN:3,(anonymous_247)
FN:3,(anonymous_248)
FN:3,(anonymous_249)
FN:3,(anonymous_250)
FN:3,(anonymous_251)
FN:3,(anonymous_252)
FN:3,(anonymous_253)
FN:3,(anonymous_254)
FN:3,(anonymous_255)
FN:3,(anonymous_256)
FN:3,(anonymous_257)
FN:3,(anonymous_258)
FN:3,(anonymous_259)
FN:3,(anonymous_260)
FN:3,(anonymous_261)
FN:3,(anonymous_262)
FN:3,(anonymous_263)
FN:3,(anonymous_264)
FN:3,(anonymous_265)
FN:3,(anonymous_266)
FN:3,(anonymous_267)
FN:3,W
FN:3,(anonymous_269)
FN:3,(anonymous_270)
FN:3,_
FN:3,aa
FN:3,ca
FN:3,(anonymous_274)
FN:3,ga
FN:3,ha
FN:3,ia
FN:3,ja
FN:3,(anonymous_279)
FN:3,(anonymous_280)
FN:3,(anonymous_281)
FN:3,(anonymous_282)
FN:3,(anonymous_283)
FN:3,(anonymous_284)
FN:3,(anonymous_285)
FN:3,(anonymous_286)
FN:3,(anonymous_287)
FN:3,(anonymous_288)
FN:3,(anonymous_289)
FN:3,(anonymous_290)
FN:3,(anonymous_291)
FN:3,(anonymous_292)
FN:3,(anonymous_293)
FN:3,(anonymous_294)
FN:3,(anonymous_295)
FN:3,(anonymous_296)
FN:3,(anonymous_297)
FN:3,(anonymous_298)
FN:3,(anonymous_299)
FN:3,(anonymous_300)
FN:3,(anonymous_301)
FN:3,(anonymous_302)
FN:3,(anonymous_303)
FN:3,(anonymous_304)
FN:3,pa
FN:3,qa
FN:3,ra
FN:3,sa
FN:3,ta
FN:3,ua
FN:3,(anonymous_311)
FN:3,va
FN:3,(anonymous_313)
FN:3,(anonymous_314)
FN:3,(anonymous_315)
FN:3,(anonymous_316)
FN:3,(anonymous_317)
FN:3,(anonymous_318)
FN:3,(anonymous_319)
FN:3,(anonymous_320)
FN:3,(anonymous_321)
FN:3,(anonymous_322)
FN:3,(anonymous_323)
FN:3,(anonymous_324)
FN:3,(anonymous_325)
FN:3,(anonymous_326)
FN:3,(anonymous_327)
FN:3,(anonymous_328)
FN:3,(anonymous_329)
FN:3,(anonymous_330)
FN:3,(anonymous_331)
FN:3,(anonymous_332)
FN:3,(anonymous_333)
FN:3,(anonymous_334)
FN:3,(anonymous_335)
FN:3,(anonymous_336)
FN:3,(anonymous_337)
FN:3,ya
FN:3,za
FN:3,(anonymous_340)
FN:3,(anonymous_341)
FN:3,(anonymous_342)
FN:3,i
FN:3,(anonymous_344)
FN:3,(anonymous_345)
FN:3,(anonymous_346)
FN:3,(anonymous_347)
FN:3,(anonymous_348)
FN:3,Fa
FN:3,Ga
FN:3,(anonymous_351)
FN:3,Ma
FN:3,Na
FN:3,Oa
FN:3,Pa
FN:3,Qa
FN:3,(anonymous_357)
FN:3,(anonymous_358)
FN:3,(anonymous_359)
FN:3,(anonymous_360)
FN:3,(anonymous_361)
FN:3,(anonymous_362)
FN:3,(anonymous_363)
FN:3,(anonymous_364)
FN:3,(anonymous_365)
FN:3,(anonymous_366)
FN:3,(anonymous_367)
FN:3,(anonymous_368)
FN:3,(anonymous_369)
FN:3,(anonymous_370)
FN:3,(anonymous_371)
FN:3,(anonymous_372)
FN:3,(anonymous_373)
FN:3,(anonymous_374)
FN:3,Ra
FN:3,(anonymous_376)
FN:3,(anonymous_377)
FN:3,(anonymous_378)
FN:3,(anonymous_379)
FN:3,(anonymous_380)
FN:3,(anonymous_381)
FN:3,(anonymous_382)
FN:3,(anonymous_383)
FN:3,Wa
FN:3,(anonymous_385)
FN:3,Xa
FN:3,Ya
FN:3,Za
FN:3,(anonymous_389)
FN:3,(anonymous_390)
FN:3,(anonymous_391)
FN:3,(anonymous_392)
FN:3,(anonymous_393)
FN:3,(anonymous_394)
FN:3,$a
FN:3,_a
FN:3,(anonymous_397)
FN:3,(anonymous_398)
FN:3,(anonymous_399)
FN:3,(anonymous_400)
FN:3,(anonymous_401)
FN:3,(anonymous_402)
FN:3,(anonymous_403)
FN:3,(anonymous_404)
FN:3,(anonymous_405)
FN:3,(anonymous_406)
FN:3,(anonymous_407)
FN:3,(anonymous_408)
FN:3,(anonymous_409)
FN:3,(anonymous_410)
FN:3,(anonymous_411)
FN:3,(anonymous_412)
FN:3,(anonymous_413)
FN:3,(anonymous_414)
FN:3,(anonymous_415)
FN:3,(anonymous_416)
FN:3,(anonymous_417)
FN:3,(anonymous_418)
FN:3,(anonymous_419)
FN:3,(anonymous_420)
FN:3,(anonymous_421)
FN:3,(anonymous_422)
FN:3,(anonymous_423)
FN:3,(anonymous_424)
FN:3,(anonymous_425)
FN:3,(anonymous_426)
FN:3,(anonymous_427)
FN:3,(anonymous_428)
FN:3,(anonymous_429)
FN:3,(anonymous_430)
FN:3,(anonymous_431)
FN:3,(anonymous_432)
FN:3,(anonymous_433)
FN:3,(anonymous_434)
FN:3,(anonymous_435)
FN:3,(anonymous_436)
FN:3,(anonymous_437)
FN:3,(anonymous_438)
FN:4,(anonymous_439)
FN:4,(anonymous_440)
FN:4,(anonymous_441)
FN:4,(anonymous_442)
FN:4,fb
FN:4,(anonymous_444)
FN:4,(anonymous_445)
FN:4,(anonymous_446)
FN:4,(anonymous_447)
FN:4,(anonymous_448)
FN:4,(anonymous_449)
FN:4,(anonymous_450)
FN:4,(anonymous_451)
FN:4,(anonymous_452)
FN:4,(anonymous_453)
FN:4,(anonymous_454)
FN:4,(anonymous_455)
FN:4,(anonymous_456)
FN:4,(anonymous_457)
FN:4,(anonymous_458)
FN:4,(anonymous_459)
FN:4,(anonymous_460)
FN:4,(anonymous_461)
FN:4,(anonymous_462)
FN:4,(anonymous_463)
FN:4,(anonymous_464)
FN:4,(anonymous_465)
FN:4,(anonymous_466)
FN:4,(anonymous_467)
FN:4,(anonymous_468)
FN:4,(anonymous_469)
FN:4,(anonymous_470)
FN:4,(anonymous_471)
FN:4,(anonymous_472)
FN:4,(anonymous_473)
FN:4,(anonymous_474)
FN:4,wb
FN:4,(anonymous_476)
FN:4,xb
FN:4,g
FN:4,(anonymous_479)
FN:4,yb
FN:4,zb
FN:4,Ab
FN:4,(anonymous_483)
FN:4,(anonymous_484)
FN:4,(anonymous_485)
FN:4,(anonymous_486)
FN:4,(anonymous_487)
FN:4,(anonymous_488)
FN:4,(anonymous_489)
FN:4,(anonymous_490)
FN:4,(anonymous_491)
FN:4,z
FN:4,(anonymous_493)
FN:4,(anonymous_494)
FN:4,(anonymous_495)
FN:4,(anonymous_496)
FN:4,(anonymous_497)
FN:4,(anonymous_498)
FN:4,(anonymous_499)
FN:4,(anonymous_500)
FN:4,(anonymous_501)
FN:4,(anonymous_502)
FN:4,(anonymous_503)
FN:4,(anonymous_504)
FN:4,(anonymous_505)
FN:4,(anonymous_506)
FN:4,(anonymous_507)
FN:4,(anonymous_508)
FN:4,(anonymous_509)
FN:4,Gb
FN:4,(anonymous_511)
FN:4,(anonymous_512)
FN:4,(anonymous_513)
FN:4,(anonymous_514)
FN:4,(anonymous_515)
FN:4,(anonymous_516)
FN:4,(anonymous_517)
FN:4,(anonymous_518)
FN:4,(anonymous_519)
FN:4,(anonymous_520)
FN:4,(anonymous_521)
FN:4,(anonymous_522)
FN:4,(anonymous_523)
FN:4,(anonymous_524)
FN:4,(anonymous_525)
FN:4,(anonymous_526)
FN:4,(anonymous_527)
FN:4,(anonymous_528)
FN:4,(anonymous_529)
FN:4,(anonymous_530)
FN:4,(anonymous_531)
FN:4,(anonymous_532)
FN:4,(anonymous_533)
FN:4,(anonymous_534)
FN:4,(anonymous_535)
FN:4,(anonymous_536)
FN:4,(anonymous_537)
FN:4,(anonymous_538)
FN:4,(anonymous_539)
FN:4,(anonymous_540)
FN:4,(anonymous_541)
FN:4,(anonymous_542)
FN:4,(anonymous_543)
FN:4,(anonymous_544)
FN:4,(anonymous_545)
FN:4,(anonymous_546)
FN:4,(anonymous_547)
FN:4,(anonymous_548)
FN:4,Mb
FN:4,(anonymous_550)
FN:4,(anonymous_551)
FN:4,(anonymous_552)
FN:4,(anonymous_553)
FN:4,(anonymous_554)
FN:4,(anonymous_555)
FN:4,(anonymous_556)
FN:4,(anonymous_557)
FN:4,(anonymous_558)
FN:4,(anonymous_559)
FN:4,(anonymous_560)
FN:4,(anonymous_561)
FN:4,(anonymous_562)
FN:4,(anonymous_563)
FN:4,(anonymous_564)
FN:4,(anonymous_565)
FN:4,(anonymous_566)
FN:4,(anonymous_567)
FN:4,(anonymous_568)
FN:4,(anonymous_569)
FN:4,(anonymous_570)
FN:4,(anonymous_571)
FNF:572
FNH:0
FNDA:0,(anonymous_0)
FNDA:0,(anonymous_1)
FNDA:0,(anonymous_2)
FNDA:0,(anonymous_3)
FNDA:0,(anonymous_4)
FNDA:0,(anonymous_5)
FNDA:0,(anonymous_6)
FNDA:0,(anonymous_7)
FNDA:0,(anonymous_8)
FNDA:0,(anonymous_9)
FNDA:0,(anonymous_10)
FNDA:0,(anonymous_11)
FNDA:0,(anonymous_12)
FNDA:0,(anonymous_13)
FNDA:0,(anonymous_14)
FNDA:0,(anonymous_15)
FNDA:0,(anonymous_16)
FNDA:0,(anonymous_17)
FNDA:0,(anonymous_18)
FNDA:0,(anonymous_19)
FNDA:0,(anonymous_20)
FNDA:0,(anonymous_21)
FNDA:0,(anonymous_22)
FNDA:0,(anonymous_23)
FNDA:0,(anonymous_24)
FNDA:0,(anonymous_25)
FNDA:0,(anonymous_26)
FNDA:0,(anonymous_27)
FNDA:0,(anonymous_28)
FNDA:0,(anonymous_29)
FNDA:0,(anonymous_30)
FNDA:0,(anonymous_31)
FNDA:0,(anonymous_32)
FNDA:0,(anonymous_33)
FNDA:0,(anonymous_34)
FNDA:0,(anonymous_35)
FNDA:0,(anonymous_36)
FNDA:0,(anonymous_37)
FNDA:0,s
FNDA:0,(anonymous_39)
FNDA:0,(anonymous_40)
FNDA:0,(anonymous_41)
FNDA:0,(anonymous_42)
FNDA:0,(anonymous_43)
FNDA:0,(anonymous_44)
FNDA:0,(anonymous_45)
FNDA:0,fa
FNDA:0,ga
FNDA:0,b
FNDA:0,ha
FNDA:0,ia
FNDA:0,ja
FNDA:0,ka
FNDA:0,la
FNDA:0,(anonymous_54)
FNDA:0,ma
FNDA:0,(anonymous_56)
FNDA:0,na
FNDA:0,(anonymous_58)
FNDA:0,(anonymous_59)
FNDA:0,oa
FNDA:0,(anonymous_61)
FNDA:0,(anonymous_62)
FNDA:0,(anonymous_63)
FNDA:0,(anonymous_64)
FNDA:0,(anonymous_65)
FNDA:0,(anonymous_66)
FNDA:0,(anonymous_67)
FNDA:0,(anonymous_68)
FNDA:0,(anonymous_69)
FNDA:0,(anonymous_70)
FNDA:0,(anonymous_71)
FNDA:0,(anonymous_72)
FNDA:0,(anonymous_73)
FNDA:0,(anonymous_74)
FNDA:0,(anonymous_75)
FNDA:0,(anonymous_76)
FNDA:0,(anonymous_77)
FNDA:0,(anonymous_78)
FNDA:0,(anonymous_79)
FNDA:0,(anonymous_80)
FNDA:0,(anonymous_81)
FNDA:0,(anonymous_82)
FNDA:0,(anonymous_83)
FNDA:0,(anonymous_84)
FNDA:0,(anonymous_85)
FNDA:0,(anonymous_86)
FNDA:0,(anonymous_87)
FNDA:0,(anonymous_88)
FNDA:0,(anonymous_89)
FNDA:0,(anonymous_90)
FNDA:0,(anonymous_91)
FNDA:0,(anonymous_92)
FNDA:0,(anonymous_93)
FNDA:0,(anonymous_94)
FNDA:0,(anonymous_95)
FNDA:0,(anonymous_96)
FNDA:0,(anonymous_97)
FNDA:0,(anonymous_98)
FNDA:0,(anonymous_99)
FNDA:0,(anonymous_100)
FNDA:0,(anonymous_101)
FNDA:0,(anonymous_102)
FNDA:0,(anonymous_103)
FNDA:0,(anonymous_104)
FNDA:0,(anonymous_105)
FNDA:0,(anonymous_106)
FNDA:0,(anonymous_107)
FNDA:0,(anonymous_108)
FNDA:0,(anonymous_109)
FNDA:0,(anonymous_110)
FNDA:0,(anonymous_111)
FNDA:0,(anonymous_112)
FNDA:0,(anonymous_113)
FNDA:0,(anonymous_114)
FNDA:0,(anonymous_115)
FNDA:0,(anonymous_116)
FNDA:0,(anonymous_117)
FNDA:0,(anonymous_118)
FNDA:0,(anonymous_119)
FNDA:0,(anonymous_120)
FNDA:0,(anonymous_121)
FNDA:0,(anonymous_122)
FNDA:0,(anonymous_123)
FNDA:0,(anonymous_124)
FNDA:0,(anonymous_125)
FNDA:0,(anonymous_126)
FNDA:0,(anonymous_127)
FNDA:0,(anonymous_128)
FNDA:0,(anonymous_129)
FNDA:0,(anonymous_130)
FNDA:0,(anonymous_131)
FNDA:0,(anonymous_132)
FNDA:0,pa
FNDA:0,(anonymous_134)
FNDA:0,qa
FNDA:0,ra
FNDA:0,(anonymous_137)
FNDA:0,(anonymous_138)
FNDA:0,sa
FNDA:0,(anonymous_140)
FNDA:0,ta
FNDA:0,ua
FNDA:0,va
FNDA:0,(anonymous_144)
FNDA:0,wa
FNDA:0,(anonymous_146)
FNDA:0,(anonymous_147)
FNDA:0,(anonymous_148)
FNDA:0,xa
FNDA:0,(anonymous_150)
FNDA:0,(anonymous_151)
FNDA:0,(anonymous_152)
FNDA:0,(anonymous_153)
FNDA:0,(anonymous_154)
FNDA:0,(anonymous_155)
FNDA:0,(anonymous_156)
FNDA:0,(anonymous_157)
FNDA:0,(anonymous_158)
FNDA:0,(anonymous_159)
FNDA:0,(anonymous_160)
FNDA:0,(anonymous_161)
FNDA:0,z
FNDA:0,(anonymous_163)
FNDA:0,(anonymous_164)
FNDA:0,(anonymous_165)
FNDA:0,(anonymous_166)
FNDA:0,(anonymous_167)
FNDA:0,(anonymous_168)
FNDA:0,(anonymous_169)
FNDA:0,(anonymous_170)
FNDA:0,(anonymous_171)
FNDA:0,(anonymous_172)
FNDA:0,(anonymous_173)
FNDA:0,(anonymous_174)
FNDA:0,(anonymous_175)
FNDA:0,(anonymous_176)
FNDA:0,(anonymous_177)
FNDA:0,(anonymous_178)
FNDA:0,(anonymous_179)
FNDA:0,F
FNDA:0,(anonymous_181)
FNDA:0,(anonymous_182)
FNDA:0,(anonymous_183)
FNDA:0,(anonymous_184)
FNDA:0,(anonymous_185)
FNDA:0,(anonymous_186)
FNDA:0,(anonymous_187)
FNDA:0,(anonymous_188)
FNDA:0,(anonymous_189)
FNDA:0,(anonymous_190)
FNDA:0,(anonymous_191)
FNDA:0,(anonymous_192)
FNDA:0,(anonymous_193)
FNDA:0,(anonymous_194)
FNDA:0,H
FNDA:0,(anonymous_196)
FNDA:0,(anonymous_197)
FNDA:0,(anonymous_198)
FNDA:0,(anonymous_199)
FNDA:0,d
FNDA:0,(anonymous_201)
FNDA:0,(anonymous_202)
FNDA:0,(anonymous_203)
FNDA:0,(anonymous_204)
FNDA:0,(anonymous_205)
FNDA:0,(anonymous_206)
FNDA:0,(anonymous_207)
FNDA:0,(anonymous_208)
FNDA:0,(anonymous_209)
FNDA:0,(anonymous_210)
FNDA:0,(anonymous_211)
FNDA:0,(anonymous_212)
FNDA:0,(anonymous_213)
FNDA:0,(anonymous_214)
FNDA:0,(anonymous_215)
FNDA:0,(anonymous_216)
FNDA:0,(anonymous_217)
FNDA:0,(anonymous_218)
FNDA:0,(anonymous_219)
FNDA:0,(anonymous_220)
FNDA:0,(anonymous_221)
FNDA:0,(anonymous_222)
FNDA:0,(anonymous_223)
FNDA:0,(anonymous_224)
FNDA:0,(anonymous_225)
FNDA:0,(anonymous_226)
FNDA:0,(anonymous_227)
FNDA:0,(anonymous_228)
FNDA:0,(anonymous_229)
FNDA:0,J
FNDA:0,(anonymous_231)
FNDA:0,(anonymous_232)
FNDA:0,(anonymous_233)
FNDA:0,(anonymous_234)
FNDA:0,M
FNDA:0,(anonymous_236)
FNDA:0,(anonymous_237)
FNDA:0,(anonymous_238)
FNDA:0,(anonymous_239)
FNDA:0,(anonymous_240)
FNDA:0,(anonymous_241)
FNDA:0,(anonymous_242)
FNDA:0,R
FNDA:0,(anonymous_244)
FNDA:0,(anonymous_245)
FNDA:0,(anonymous_246)
FNDA:0,(anonymous_247)
FNDA:0,(anonymous_248)
FNDA:0,(anonymous_249)
FNDA:0,(anonymous_250)
FNDA:0,(anonymous_251)
FNDA:0,(anonymous_252)
FNDA:0,(anonymous_253)
FNDA:0,(anonymous_254)
FNDA:0,(anonymous_255)
FNDA:0,(anonymous_256)
FNDA:0,(anonymous_257)
FNDA:0,(anonymous_258)
FNDA:0,(anonymous_259)
FNDA:0,(anonymous_260)
FNDA:0,(anonymous_261)
FNDA:0,(anonymous_262)
FNDA:0,(anonymous_263)
FNDA:0,(anonymous_264)
FNDA:0,(anonymous_265)
FNDA:0,(anonymous_266)
FNDA:0,(anonymous_267)
FNDA:0,W
FNDA:0,(anonymous_269)
FNDA:0,(anonymous_270)
FNDA:0,_
FNDA:0,aa
FNDA:0,ca
FNDA:0,(anonymous_274)
FNDA:0,ga
FNDA:0,ha
FNDA:0,ia
FNDA:0,ja
FNDA:0,(anonymous_279)
FNDA:0,(anonymous_280)
FNDA:0,(anonymous_281)
FNDA:0,(anonymous_282)
FNDA:0,(anonymous_283)
FNDA:0,(anonymous_284)
FNDA:0,(anonymous_285)
FNDA:0,(anonymous_286)
FNDA:0,(anonymous_287)
FNDA:0,(anonymous_288)
FNDA:0,(anonymous_289)
FNDA:0,(anonymous_290)
FNDA:0,(anonymous_291)
FNDA:0,(anonymous_292)
FNDA:0,(anonymous_293)
FNDA:0,(anonymous_294)
FNDA:0,(anonymous_295)
FNDA:0,(anonymous_296)
FNDA:0,(anonymous_297)
FNDA:0,(anonymous_298)
FNDA:0,(anonymous_299)
FNDA:0,(anonymous_300)
FNDA:0,(anonymous_301)
FNDA:0,(anonymous_302)
FNDA:0,(anonymous_303)
FNDA:0,(anonymous_304)
FNDA:0,pa
FNDA:0,qa
FNDA:0,ra
FNDA:0,sa
FNDA:0,ta
FNDA:0,ua
FNDA:0,(anonymous_311)
FNDA:0,va
FNDA:0,(anonymous_313)
FNDA:0,(anonymous_314)
FNDA:0,(anonymous_315)
FNDA:0,(anonymous_316)
FNDA:0,(anonymous_317)
FNDA:0,(anonymous_318)
FNDA:0,(anonymous_319)
FNDA:0,(anonymous_320)
FNDA:0,(anonymous_321)
FNDA:0,(anonymous_322)
FNDA:0,(anonymous_323)
FNDA:0,(anonymous_324)
FNDA:0,(anonymous_325)
FNDA:0,(anonymous_326)
FNDA:0,(anonymous_327)
FNDA:0,(anonymous_328)
FNDA:0,(anonymous_329)
FNDA:0,(anonymous_330)
FNDA:0,(anonymous_331)
FNDA:0,(anonymous_332)
FNDA:0,(anonymous_333)
FNDA:0,(anonymous_334)
FNDA:0,(anonymous_335)
FNDA:0,(anonymous_336)
FNDA:0,(anonymous_337)
FNDA:0,ya
FNDA:0,za
FNDA:0,(anonymous_340)
FNDA:0,(anonymous_341)
FNDA:0,(anonymous_342)
FNDA:0,i
FNDA:0,(anonymous_344)
FNDA:0,(anonymous_345)
FNDA:0,(anonymous_346)
FNDA:0,(anonymous_347)
FNDA:0,(anonymous_348)
FNDA:0,Fa
FNDA:0,Ga
FNDA:0,(anonymous_351)
FNDA:0,Ma
FNDA:0,Na
FNDA:0,Oa
FNDA:0,Pa
FNDA:0,Qa
FNDA:0,(anonymous_357)
FNDA:0,(anonymous_358)
FNDA:0,(anonymous_359)
FNDA:0,(anonymous_360)
FNDA:0,(anonymous_361)
FNDA:0,(anonymous_362)
FNDA:0,(anonymous_363)
FNDA:0,(anonymous_364)
FNDA:0,(anonymous_365)
FNDA:0,(anonymous_366)
FNDA:0,(anonymous_367)
FNDA:0,(anonymous_368)
FNDA:0,(anonymous_369)
FNDA:0,(anonymous_370)
FNDA:0,(anonymous_371)
FNDA:0,(anonymous_372)
FNDA:0,(anonymous_373)
FNDA:0,(anonymous_374)
FNDA:0,Ra
FNDA:0,(anonymous_376)
FNDA:0,(anonymous_377)
FNDA:0,(anonymous_378)
FNDA:0,(anonymous_379)
FNDA:0,(anonymous_380)
FNDA:0,(anonymous_381)
FNDA:0,(anonymous_382)
FNDA:0,(anonymous_383)
FNDA:0,Wa
FNDA:0,(anonymous_385)
FNDA:0,Xa
FNDA:0,Ya
FNDA:0,Za
FNDA:0,(anonymous_389)
FNDA:0,(anonymous_390)
FNDA:0,(anonymous_391)
FNDA:0,(anonymous_392)
FNDA:0,(anonymous_393)
FNDA:0,(anonymous_394)
FNDA:0,$a
FNDA:0,_a
FNDA:0,(anonymous_397)
FNDA:0,(anonymous_398)
FNDA:0,(anonymous_399)
FNDA:0,(anonymous_400)
FNDA:0,(anonymous_401)
FNDA:0,(anonymous_402)
FNDA:0,(anonymous_403)
FNDA:0,(anonymous_404)
FNDA:0,(anonymous_405)
FNDA:0,(anonymous_406)
FNDA:0,(anonymous_407)
FNDA:0,(anonymous_408)
FNDA:0,(anonymous_409)
FNDA:0,(anonymous_410)
FNDA:0,(anonymous_411)
FNDA:0,(anonymous_412)
FNDA:0,(anonymous_413)
FNDA:0,(anonymous_414)
FNDA:0,(anonymous_415)
FNDA:0,(anonymous_416)
FNDA:0,(anonymous_417)
FNDA:0,(anonymous_418)
FNDA:0,(anonymous_419)
FNDA:0,(anonymous_420)
FNDA:0,(anonymous_421)
FNDA:0,(anonymous_422)
FNDA:0,(anonymous_423)
FNDA:0,(anonymous_424)
FNDA:0,(anonymous_425)
FNDA:0,(anonymous_426)
FNDA:0,(anonymous_427)
FNDA:0,(anonymous_428)
FNDA:0,(anonymous_429)
FNDA:0,(anonymous_430)
FNDA:0,(anonymous_431)
FNDA:0,(anonymous_432)
FNDA:0,(anonymous_433)
FNDA:0,(anonymous_434)
FNDA:0,(anonymous_435)
FNDA:0,(anonymous_436)
FNDA:0,(anonymous_437)
FNDA:0,(anonymous_438)
FNDA:0,(anonymous_439)
FNDA:0,(anonymous_440)
FNDA:0,(anonymous_441)
FNDA:0,(anonymous_442)
FNDA:0,fb
FNDA:0,(anonymous_444)
FNDA:0,(anonymous_445)
FNDA:0,(anonymous_446)
FNDA:0,(anonymous_447)
FNDA:0,(anonymous_448)
FNDA:0,(anonymous_449)
FNDA:0,(anonymous_450)
FNDA:0,(anonymous_451)
FNDA:0,(anonymous_452)
FNDA:0,(anonymous_453)
FNDA:0,(anonymous_454)
FNDA:0,(anonymous_455)
FNDA:0,(anonymous_456)
FNDA:0,(anonymous_457)
FNDA:0,(anonymous_458)
FNDA:0,(anonymous_459)
FNDA:0,(anonymous_460)
FNDA:0,(anonymous_461)
FNDA:0,(anonymous_462)
FNDA:0,(anonymous_463)
FNDA:0,(anonymous_464)
FNDA:0,(anonymous_465)
FNDA:0,(anonymous_466)
FNDA:0,(anonymous_467)
FNDA:0,(anonymous_468)
FNDA:0,(anonymous_469)
FNDA:0,(anonymous_470)
FNDA:0,(anonymous_471)
FNDA:0,(anonymous_472)
FNDA:0,(anonymous_473)
FNDA:0,(anonymous_474)
FNDA:0,wb
FNDA:0,(anonymous_476)
FNDA:0,xb
FNDA:0,g
FNDA:0,(anonymous_479)
FNDA:0,yb
FNDA:0,zb
FNDA:0,Ab
FNDA:0,(anonymous_483)
FNDA:0,(anonymous_484)
FNDA:0,(anonymous_485)
FNDA:0,(anonymous_486)
FNDA:0,(anonymous_487)
FNDA:0,(anonymous_488)
FNDA:0,(anonymous_489)
FNDA:0,(anonymous_490)
FNDA:0,(anonymous_491)
FNDA:0,z
FNDA:0,(anonymous_493)
FNDA:0,(anonymous_494)
FNDA:0,(anonymous_495)
FNDA:0,(anonymous_496)
FNDA:0,(anonymous_497)
FNDA:0,(anonymous_498)
FNDA:0,(anonymous_499)
FNDA:0,(anonymous_500)
FNDA:0,(anonymous_501)
FNDA:0,(anonymous_502)
FNDA:0,(anonymous_503)
FNDA:0,(anonymous_504)
FNDA:0,(anonymous_505)
FNDA:0,(anonymous_506)
FNDA:0,(anonymous_507)
FNDA:0,(anonymous_508)
FNDA:0,(anonymous_509)
FNDA:0,Gb
FNDA:0,(anonymous_511)
FNDA:0,(anonymous_512)
FNDA:0,(anonymous_513)
FNDA:0,(anonymous_514)
FNDA:0,(anonymous_515)
FNDA:0,(anonymous_516)
FNDA:0,(anonymous_517)
FNDA:0,(anonymous_518)
FNDA:0,(anonymous_519)
FNDA:0,(anonymous_520)
FNDA:0,(anonymous_521)
FNDA:0,(anonymous_522)
FNDA:0,(anonymous_523)
FNDA:0,(anonymous_524)
FNDA:0,(anonymous_525)
FNDA:0,(anonymous_526)
FNDA:0,(anonymous_527)
FNDA:0,(anonymous_528)
FNDA:0,(anonymous_529)
FNDA:0,(anonymous_530)
FNDA:0,(anonymous_531)
FNDA:0,(anonymous_532)
FNDA:0,(anonymous_533)
FNDA:0,(anonymous_534)
FNDA:0,(anonymous_535)
FNDA:0,(anonymous_536)
FNDA:0,(anonymous_537)
FNDA:0,(anonymous_538)
FNDA:0,(anonymous_539)
FNDA:0,(anonymous_540)
FNDA:0,(anonymous_541)
FNDA:0,(anonymous_542)
FNDA:0,(anonymous_543)
FNDA:0,(anonymous_544)
FNDA:0,(anonymous_545)
FNDA:0,(anonymous_546)
FNDA:0,(anonymous_547)
FNDA:0,(anonymous_548)
FNDA:0,Mb
FNDA:0,(anonymous_550)
FNDA:0,(anonymous_551)
FNDA:0,(anonymous_552)
FNDA:0,(anonymous_553)
FNDA:0,(anonymous_554)
FNDA:0,(anonymous_555)
FNDA:0,(anonymous_556)
FNDA:0,(anonymous_557)
FNDA:0,(anonymous_558)
FNDA:0,(anonymous_559)
FNDA:0,(anonymous_560)
FNDA:0,(anonymous_561)
FNDA:0,(anonymous_562)
FNDA:0,(anonymous_563)
FNDA:0,(anonymous_564)
FNDA:0,(anonymous_565)
FNDA:0,(anonymous_566)
FNDA:0,(anonymous_567)
FNDA:0,(anonymous_568)
FNDA:0,(anonymous_569)
FNDA:0,(anonymous_570)
FNDA:0,(anonymous_571)
DA:2,0
DA:3,0
DA:4,0
LF:3
LH:0
BRDA:2,0,0,0
BRDA:2,0,1,0
BRDA:2,1,0,0
BRDA:2,1,1,0
BRDA:2,2,0,0
BRDA:2,2,1,0
BRDA:2,3,0,0
BRDA:2,3,1,0
BRDA:2,4,0,0
BRDA:2,4,1,0
BRDA:2,5,0,0
BRDA:2,5,1,0
BRDA:2,6,0,0
BRDA:2,6,1,0
BRDA:2,7,0,0
BRDA:2,7,1,0
BRDA:2,8,0,0
BRDA:2,8,1,0
BRDA:2,9,0,0
BRDA:2,9,1,0
BRDA:2,10,0,0
BRDA:2,10,1,0
BRDA:2,11,0,0
BRDA:2,11,1,0
BRDA:2,12,0,0
BRDA:2,12,1,0
BRDA:2,13,0,0
BRDA:2,13,1,0
BRDA:2,14,0,0
BRDA:2,14,1,0
BRDA:2,14,2,0
BRDA:2,15,0,0
BRDA:2,15,1,0
BRDA:2,16,0,0
BRDA:2,16,1,0
BRDA:2,17,0,0
BRDA:2,17,1,0
BRDA:2,18,0,0
BRDA:2,18,1,0
BRDA:2,19,0,0
BRDA:2,19,1,0
BRDA:2,19,2,0
BRDA:2,19,3,0
BRDA:2,20,0,0
BRDA:2,20,1,0
BRDA:2,21,0,0
BRDA:2,21,1,0
BRDA:2,22,0,0
BRDA:2,22,1,0
BRDA:2,23,0,0
BRDA:2,23,1,0
BRDA:2,24,0,0
BRDA:2,24,1,0
BRDA:2,25,0,0
BRDA:2,25,1,0
BRDA:2,26,0,0
BRDA:2,26,1,0
BRDA:2,27,0,0
BRDA:2,27,1,0
BRDA:2,28,0,0
BRDA:2,28,1,0
BRDA:2,29,0,0
BRDA:2,29,1,0
BRDA:2,30,0,0
BRDA:2,30,1,0
BRDA:2,30,2,0
BRDA:2,31,0,0
BRDA:2,31,1,0
BRDA:2,32,0,0
BRDA:2,32,1,0
BRDA:2,32,2,0
BRDA:2,33,0,0
BRDA:2,33,1,0
BRDA:2,34,0,0
BRDA:2,34,1,0
BRDA:2,35,0,0
BRDA:2,35,1,0
BRDA:2,36,0,0
BRDA:2,36,1,0
BRDA:2,37,0,0
BRDA:2,37,1,0
BRDA:2,38,0,0
BRDA:2,38,1,0
BRDA:2,39,0,0
BRDA:2,39,1,0
BRDA:2,40,0,0
BRDA:2,40,1,0
BRDA:2,41,0,0
BRDA:2,41,1,0
BRDA:2,42,0,0
BRDA:2,42,1,0
BRDA:2,43,0,0
BRDA:2,43,1,0
BRDA:2,44,0,0
BRDA:2,44,1,0
BRDA:2,45,0,0
BRDA:2,45,1,0
BRDA:2,46,0,0
BRDA:2,46,1,0
BRDA:2,47,0,0
BRDA:2,47,1,0
BRDA:2,48,0,0
BRDA:2,48,1,0
BRDA:2,49,0,0
BRDA:2,49,1,0
BRDA:2,50,0,0
BRDA:2,50,1,0
BRDA:2,51,0,0
BRDA:2,51,1,0
BRDA:2,52,0,0
BRDA:2,52,1,0
BRDA:2,53,0,0
BRDA:2,53,1,0
BRDA:2,54,0,0
BRDA:2,54,1,0
BRDA:2,55,0,0
BRDA:2,55,1,0
BRDA:2,56,0,0
BRDA:2,56,1,0
BRDA:2,57,0,0
BRDA:2,57,1,0
BRDA:2,58,0,0
BRDA:2,58,1,0
BRDA:2,59,0,0
BRDA:2,59,1,0
BRDA:2,60,0,0
BRDA:2,60,1,0
BRDA:2,60,2,0
BRDA:2,61,0,0
BRDA:2,61,1,0
BRDA:2,62,0,0
BRDA:2,62,1,0
BRDA:2,63,0,0
BRDA:2,63,1,0
BRDA:2,63,2,0
BRDA:2,63,3,0
BRDA:2,63,4,0
BRDA:2,64,0,0
BRDA:2,64,1,0
BRDA:2,65,0,0
BRDA:2,65,1,0
BRDA:2,66,0,0
BRDA:2,66,1,0
BRDA:2,67,0,0
BRDA:2,67,1,0
BRDA:2,68,0,0
BRDA:2,68,1,0
BRDA:2,69,0,0
BRDA:2,69,1,0
BRDA:2,70,0,0
BRDA:2,70,1,0
BRDA:2,71,0,0
BRDA:2,71,1,0
BRDA:2,72,0,0
BRDA:2,72,1,0
BRDA:2,73,0,0
BRDA:2,73,1,0
BRDA:2,74,0,0
BRDA:2,74,1,0
BRDA:2,74,2,0
BRDA:2,74,3,0
BRDA:2,74,4,0
BRDA:2,75,0,0
BRDA:2,75,1,0
BRDA:2,76,0,0
BRDA:2,76,1,0
BRDA:2,77,0,0
BRDA:2,77,1,0
BRDA:2,78,0,0
BRDA:2,78,1,0
BRDA:2,79,0,0
BRDA:2,79,1,0
BRDA:2,80,0,0
BRDA:2,80,1,0
BRDA:2,81,0,0
BRDA:2,81,1,0
BRDA:2,82,0,0
BRDA:2,82,1,0
BRDA:2,83,0,0
BRDA:2,83,1,0
BRDA:2,84,0,0
BRDA:2,84,1,0
BRDA:2,85,0,0
BRDA:2,85,1,0
BRDA:2,86,0,0
BRDA:2,86,1,0
BRDA:2,87,0,0
BRDA:2,87,1,0
BRDA:2,88,0,0
BRDA:2,88,1,0
BRDA:2,88,2,0
BRDA:2,88,3,0
BRDA:2,89,0,0
BRDA:2,89,1,0
BRDA:2,90,0,0
BRDA:2,90,1,0
BRDA:2,91,0,0
BRDA:2,91,1,0
BRDA:2,91,2,0
BRDA:2,92,0,0
BRDA:2,92,1,0
BRDA:2,93,0,0
BRDA:2,93,1,0
BRDA:2,93,2,0
BRDA:2,93,3,0
BRDA:2,94,0,0
BRDA:2,94,1,0
BRDA:2,95,0,0
BRDA:2,95,1,0
BRDA:2,96,0,0
BRDA:2,96,1,0
BRDA:2,97,0,0
BRDA:2,97,1,0
BRDA:2,98,0,0
BRDA:2,98,1,0
BRDA:2,98,2,0
BRDA:2,99,0,0
BRDA:2,99,1,0
BRDA:2,100,0,0
BRDA:2,100,1,0
BRDA:2,101,0,0
BRDA:2,101,1,0
BRDA:2,102,0,0
BRDA:2,102,1,0
BRDA:2,103,0,0
BRDA:2,103,1,0
BRDA:2,104,0,0
BRDA:2,104,1,0
BRDA:2,104,2,0
BRDA:2,104,3,0
BRDA:2,105,0,0
BRDA:2,105,1,0
BRDA:2,106,0,0
BRDA:2,106,1,0
BRDA:2,107,0,0
BRDA:2,107,1,0
BRDA:2,108,0,0
BRDA:2,108,1,0
BRDA:2,109,0,0
BRDA:2,109,1,0
BRDA:2,110,0,0
BRDA:2,110,1,0
BRDA:2,111,0,0
BRDA:2,111,1,0
BRDA:2,112,0,0
BRDA:2,112,1,0
BRDA:2,112,2,0
BRDA:2,113,0,0
BRDA:2,113,1,0
BRDA:2,114,0,0
BRDA:2,114,1,0
BRDA:2,114,2,0
BRDA:2,115,0,0
BRDA:2,115,1,0
BRDA:2,116,0,0
BRDA:2,116,1,0
BRDA:2,117,0,0
BRDA:2,117,1,0
BRDA:2,118,0,0
BRDA:2,118,1,0
BRDA:2,119,0,0
BRDA:2,119,1,0
BRDA:2,120,0,0
BRDA:2,120,1,0
BRDA:2,121,0,0
BRDA:2,121,1,0
BRDA:2,121,2,0
BRDA:2,122,0,0
BRDA:2,122,1,0
BRDA:2,122,2,0
BRDA:2,123,0,0
BRDA:2,123,1,0
BRDA:2,124,0,0
BRDA:2,124,1,0
BRDA:2,125,0,0
BRDA:2,125,1,0
BRDA:2,126,0,0
BRDA:2,126,1,0
BRDA:2,127,0,0
BRDA:2,127,1,0
BRDA:2,128,0,0
BRDA:2,128,1,0
BRDA:2,129,0,0
BRDA:2,129,1,0
BRDA:2,130,0,0
BRDA:2,130,1,0
BRDA:2,131,0,0
BRDA:2,131,1,0
BRDA:2,132,0,0
BRDA:2,132,1,0
BRDA:2,133,0,0
BRDA:2,133,1,0
BRDA:2,134,0,0
BRDA:2,134,1,0
BRDA:2,135,0,0
BRDA:2,135,1,0
BRDA:2,136,0,0
BRDA:2,136,1,0
BRDA:2,137,0,0
BRDA:2,137,1,0
BRDA:2,138,0,0
BRDA:2,138,1,0
BRDA:2,139,0,0
BRDA:2,139,1,0
BRDA:2,140,0,0
BRDA:2,140,1,0
BRDA:2,141,0,0
BRDA:2,141,1,0
BRDA:2,142,0,0
BRDA:2,142,1,0
BRDA:2,143,0,0
BRDA:2,143,1,0
BRDA:2,144,0,0
BRDA:2,144,1,0
BRDA:2,145,0,0
BRDA:2,145,1,0
BRDA:2,146,0,0
BRDA:2,146,1,0
BRDA:2,147,0,0
BRDA:2,147,1,0
BRDA:2,148,0,0
BRDA:2,148,1,0
BRDA:2,149,0,0
BRDA:2,149,1,0
BRDA:2,149,2,0
BRDA:2,149,3,0
BRDA:2,149,4,0
BRDA:2,150,0,0
BRDA:2,150,1,0
BRDA:2,151,0,0
BRDA:2,151,1,0
BRDA:2,152,0,0
BRDA:2,152,1,0
BRDA:2,153,0,0
BRDA:2,153,1,0
BRDA:2,154,0,0
BRDA:2,154,1,0
BRDA:2,155,0,0
BRDA:2,155,1,0
BRDA:2,156,0,0
BRDA:2,156,1,0
BRDA:2,157,0,0
BRDA:2,157,1,0
BRDA:2,157,2,0
BRDA:2,158,0,0
BRDA:2,158,1,0
BRDA:2,159,0,0
BRDA:2,159,1,0
BRDA:2,160,0,0
BRDA:2,160,1,0
BRDA:2,161,0,0
BRDA:2,161,1,0
BRDA:2,162,0,0
BRDA:2,162,1,0
BRDA:2,163,0,0
BRDA:2,163,1,0
BRDA:2,164,0,0
BRDA:2,164,1,0
BRDA:2,165,0,0
BRDA:2,165,1,0
BRDA:2,166,0,0
BRDA:2,166,1,0
BRDA:2,167,0,0
BRDA:2,167,1,0
BRDA:2,168,0,0
BRDA:2,168,1,0
BRDA:2,169,0,0
BRDA:2,169,1,0
BRDA:2,169,2,0
BRDA:2,170,0,0
BRDA:2,170,1,0
BRDA:2,171,0,0
BRDA:2,171,1,0
BRDA:2,171,2,0
BRDA:2,172,0,0
BRDA:2,172,1,0
BRDA:2,173,0,0
BRDA:2,173,1,0
BRDA:2,173,2,0
BRDA:2,174,0,0
BRDA:2,174,1,0
BRDA:2,175,0,0
BRDA:2,175,1,0
BRDA:2,176,0,0
BRDA:2,176,1,0
BRDA:2,177,0,0
BRDA:2,177,1,0
BRDA:2,178,0,0
BRDA:2,178,1,0
BRDA:2,179,0,0
BRDA:2,179,1,0
BRDA:2,180,0,0
BRDA:2,180,1,0
BRDA:2,181,0,0
BRDA:2,181,1,0
BRDA:2,182,0,0
BRDA:2,182,1,0
BRDA:2,183,0,0
BRDA:2,183,1,0
BRDA:2,184,0,0
BRDA:2,184,1,0
BRDA:2,185,0,0
BRDA:2,185,1,0
BRDA:2,186,0,0
BRDA:2,186,1,0
BRDA:2,187,0,0
BRDA:2,187,1,0
BRDA:2,188,0,0
BRDA:2,188,1,0
BRDA:2,189,0,0
BRDA:2,189,1,0
BRDA:2,190,0,0
BRDA:2,190,1,0
BRDA:2,191,0,0
BRDA:2,191,1,0
BRDA:2,191,2,0
BRDA:2,191,3,0
BRDA:2,191,4,0
BRDA:2,191,5,0
BRDA:2,191,6,0
BRDA:2,192,0,0
BRDA:2,192,1,0
BRDA:2,193,0,0
BRDA:2,193,1,0
BRDA:2,193,2,0
BRDA:2,193,3,0
BRDA:2,194,0,0
BRDA:2,194,1,0
BRDA:2,195,0,0
BRDA:2,195,1,0
BRDA:2,196,0,0
BRDA:2,196,1,0
BRDA:2,197,0,0
BRDA:2,197,1,0
BRDA:2,198,0,0
BRDA:2,198,1,0
BRDA:2,199,0,0
BRDA:2,199,1,0
BRDA:2,200,0,0
BRDA:2,200,1,0
BRDA:2,201,0,0
BRDA:2,201,1,0
BRDA:2,202,0,0
BRDA:2,202,1,0
BRDA:2,203,0,0
BRDA:2,203,1,0
BRDA:2,204,0,0
BRDA:2,204,1,0
BRDA:2,205,0,0
BRDA:2,205,1,0
BRDA:2,206,0,0
BRDA:2,206,1,0
BRDA:2,207,0,0
BRDA:2,207,1,0
BRDA:2,208,0,0
BRDA:2,208,1,0
BRDA:2,209,0,0
BRDA:2,209,1,0
BRDA:2,210,0,0
BRDA:2,210,1,0
BRDA:2,210,2,0
BRDA:2,211,0,0
BRDA:2,211,1,0
BRDA:2,212,0,0
BRDA:2,212,1,0
BRDA:2,213,0,0
BRDA:2,213,1,0
BRDA:2,214,0,0
BRDA:2,214,1,0
BRDA:2,214,2,0
BRDA:2,214,3,0
BRDA:2,215,0,0
BRDA:2,215,1,0
BRDA:2,216,0,0
BRDA:2,216,1,0
BRDA:2,217,0,0
BRDA:2,217,1,0
BRDA:2,218,0,0
BRDA:2,218,1,0
BRDA:2,219,0,0
BRDA:2,219,1,0
BRDA:2,220,0,0
BRDA:2,220,1,0
BRDA:2,221,0,0
BRDA:2,221,1,0
BRDA:2,222,0,0
BRDA:2,222,1,0
BRDA:2,223,0,0
BRDA:2,223,1,0
BRDA:2,224,0,0
BRDA:2,224,1,0
BRDA:2,225,0,0
BRDA:2,225,1,0
BRDA:2,226,0,0
BRDA:2,226,1,0
BRDA:2,226,2,0
BRDA:2,227,0,0
BRDA:2,227,1,0
BRDA:2,227,2,0
BRDA:2,227,3,0
BRDA:2,227,4,0
BRDA:2,228,0,0
BRDA:2,228,1,0
BRDA:2,229,0,0
BRDA:2,229,1,0
BRDA:2,230,0,0
BRDA:2,230,1,0
BRDA:2,230,2,0
BRDA:2,231,0,0
BRDA:2,231,1,0
BRDA:2,231,2,0
BRDA:2,231,3,0
BRDA:2,231,4,0
BRDA:2,232,0,0
BRDA:2,232,1,0
BRDA:2,233,0,0
BRDA:2,233,1,0
BRDA:2,234,0,0
BRDA:2,234,1,0
BRDA:2,235,0,0
BRDA:2,235,1,0
BRDA:2,236,0,0
BRDA:2,236,1,0
BRDA:2,237,0,0
BRDA:2,237,1,0
BRDA:2,238,0,0
BRDA:2,238,1,0
BRDA:2,239,0,0
BRDA:2,239,1,0
BRDA:2,240,0,0
BRDA:2,240,1,0
BRDA:2,241,0,0
BRDA:2,241,1,0
BRDA:2,242,0,0
BRDA:2,242,1,0
BRDA:2,243,0,0
BRDA:2,243,1,0
BRDA:2,244,0,0
BRDA:2,244,1,0
BRDA:2,245,0,0
BRDA:2,245,1,0
BRDA:2,246,0,0
BRDA:2,246,1,0
BRDA:2,247,0,0
BRDA:2,247,1,0
BRDA:2,248,0,0
BRDA:2,248,1,0
BRDA:2,249,0,0
BRDA:2,249,1,0
BRDA:2,250,0,0
BRDA:2,250,1,0
BRDA:2,251,0,0
BRDA:2,251,1,0
BRDA:2,252,0,0
BRDA:2,252,1,0
BRDA:2,253,0,0
BRDA:2,253,1,0
BRDA:2,254,0,0
BRDA:2,254,1,0
BRDA:2,254,2,0
BRDA:2,255,0,0
BRDA:2,255,1,0
BRDA:2,256,0,0
BRDA:2,256,1,0
BRDA:2,257,0,0
BRDA:2,257,1,0
BRDA:2,258,0,0
BRDA:2,258,1,0
BRDA:2,259,0,0
BRDA:2,259,1,0
BRDA:2,260,0,0
BRDA:2,260,1,0
BRDA:2,261,0,0
BRDA:2,261,1,0
BRDA:2,262,0,0
BRDA:2,262,1,0
BRDA:2,263,0,0
BRDA:2,263,1,0
BRDA:2,264,0,0
BRDA:2,264,1,0
BRDA:2,264,2,0
BRDA:2,264,3,0
BRDA:2,264,4,0
BRDA:2,265,0,0
BRDA:2,265,1,0
BRDA:2,266,0,0
BRDA:2,266,1,0
BRDA:2,266,2,0
BRDA:2,267,0,0
BRDA:2,267,1,0
BRDA:2,268,0,0
BRDA:2,268,1,0
BRDA:2,269,0,0
BRDA:2,269,1,0
BRDA:2,270,0,0
BRDA:2,270,1,0
BRDA:2,271,0,0
BRDA:2,271,1,0
BRDA:2,272,0,0
BRDA:2,272,1,0
BRDA:2,273,0,0
BRDA:2,273,1,0
BRDA:2,273,2,0
BRDA:2,273,3,0
BRDA:2,273,4,0
BRDA:2,274,0,0
BRDA:2,274,1,0
BRDA:2,275,0,0
BRDA:2,275,1,0
BRDA:2,275,2,0
BRDA:2,276,0,0
BRDA:2,276,1,0
BRDA:2,277,0,0
BRDA:2,277,1,0
BRDA:2,278,0,0
BRDA:2,278,1,0
BRDA:2,279,0,0
BRDA:2,279,1,0
BRDA:2,280,0,0
BRDA:2,280,1,0
BRDA:2,280,2,0
BRDA:2,281,0,0
BRDA:2,281,1,0
BRDA:2,281,2,0
BRDA:2,282,0,0
BRDA:2,282,1,0
BRDA:2,283,0,0
BRDA:2,283,1,0
BRDA:2,284,0,0
BRDA:2,284,1,0
BRDA:2,285,0,0
BRDA:2,285,1,0
BRDA:2,286,0,0
BRDA:2,286,1,0
BRDA:2,287,0,0
BRDA:2,287,1,0
BRDA:2,287,2,0
BRDA:2,288,0,0
BRDA:2,288,1,0
BRDA:2,289,0,0
BRDA:2,289,1,0
BRDA:2,290,0,0
BRDA:2,290,1,0
BRDA:2,291,0,0
BRDA:2,291,1,0
BRDA:2,292,0,0
BRDA:2,292,1,0
BRDA:2,293,0,0
BRDA:2,293,1,0
BRDA:2,294,0,0
BRDA:2,294,1,0
BRDA:2,295,0,0
BRDA:2,295,1,0
BRDA:2,296,0,0
BRDA:2,296,1,0
BRDA:2,297,0,0
BRDA:2,297,1,0
BRDA:2,297,2,0
BRDA:2,297,3,0
BRDA:2,298,0,0
BRDA:2,298,1,0
BRDA:2,298,2,0
BRDA:2,299,0,0
BRDA:2,299,1,0
BRDA:2,299,2,0
BRDA:2,299,3,0
BRDA:2,300,0,0
BRDA:2,300,1,0
BRDA:2,301,0,0
BRDA:2,301,1,0
BRDA:2,302,0,0
BRDA:2,302,1,0
BRDA:2,302,2,0
BRDA:2,303,0,0
BRDA:2,303,1,0
BRDA:2,303,2,0
BRDA:2,303,3,0
BRDA:2,304,0,0
BRDA:2,304,1,0
BRDA:2,305,0,0
BRDA:2,305,1,0
BRDA:2,306,0,0
BRDA:2,306,1,0
BRDA:2,307,0,0
BRDA:2,307,1,0
BRDA:2,308,0,0
BRDA:2,308,1,0
BRDA:2,309,0,0
BRDA:2,309,1,0
BRDA:2,309,2,0
BRDA:2,310,0,0
BRDA:2,310,1,0
BRDA:2,311,0,0
BRDA:2,311,1,0
BRDA:2,312,0,0
BRDA:2,312,1,0
BRDA:2,313,0,0
BRDA:2,313,1,0
BRDA:2,313,2,0
BRDA:2,313,3,0
BRDA:2,314,0,0
BRDA:2,314,1,0
BRDA:2,315,0,0
BRDA:2,315,1,0
BRDA:2,316,0,0
BRDA:2,316,1,0
BRDA:2,317,0,0
BRDA:2,317,1,0
BRDA:2,318,0,0
BRDA:2,318,1,0
BRDA:2,319,0,0
BRDA:2,319,1,0
BRDA:2,320,0,0
BRDA:2,320,1,0
BRDA:2,321,0,0
BRDA:2,321,1,0
BRDA:2,322,0,0
BRDA:2,322,1,0
BRDA:2,323,0,0
BRDA:2,323,1,0
BRDA:2,323,2,0
BRDA:2,324,0,0
BRDA:2,324,1,0
BRDA:2,325,0,0
BRDA:2,325,1,0
BRDA:2,326,0,0
BRDA:2,326,1,0
BRDA:2,327,0,0
BRDA:2,327,1,0
BRDA:2,328,0,0
BRDA:2,328,1,0
BRDA:2,329,0,0
BRDA:2,329,1,0
BRDA:2,329,2,0
BRDA:2,330,0,0
BRDA:2,330,1,0
BRDA:2,331,0,0
BRDA:2,331,1,0
BRDA:2,332,0,0
BRDA:2,332,1,0
BRDA:2,333,0,0
BRDA:2,333,1,0
BRDA:2,333,2,0
BRDA:2,333,3,0
BRDA:2,334,0,0
BRDA:2,334,1,0
BRDA:2,335,0,0
BRDA:2,335,1,0
BRDA:2,335,2,0
BRDA:2,336,0,0
BRDA:2,336,1,0
BRDA:2,336,2,0
BRDA:2,337,0,0
BRDA:2,337,1,0
BRDA:2,338,0,0
BRDA:2,338,1,0
BRDA:2,339,0,0
BRDA:2,339,1,0
BRDA:2,340,0,0
BRDA:2,340,1,0
BRDA:2,341,0,0
BRDA:2,341,1,0
BRDA:2,341,2,0
BRDA:2,342,0,0
BRDA:2,342,1,0
BRDA:2,343,0,0
BRDA:2,343,1,0
BRDA:2,344,0,0
BRDA:2,344,1,0
BRDA:2,345,0,0
BRDA:2,345,1,0
BRDA:2,346,0,0
BRDA:2,346,1,0
BRDA:2,347,0,0
BRDA:2,347,1,0
BRDA:2,348,0,0
BRDA:2,348,1,0
BRDA:2,349,0,0
BRDA:2,349,1,0
BRDA:2,350,0,0
BRDA:2,350,1,0
BRDA:2,351,0,0
BRDA:2,351,1,0
BRDA:2,352,0,0
BRDA:2,352,1,0
BRDA:2,353,0,0
BRDA:2,353,1,0
BRDA:2,354,0,0
BRDA:2,354,1,0
BRDA:2,355,0,0
BRDA:2,355,1,0
BRDA:2,355,2,0
BRDA:2,356,0,0
BRDA:2,356,1,0
BRDA:2,357,0,0
BRDA:2,357,1,0
BRDA:2,358,0,0
BRDA:2,358,1,0
BRDA:2,359,0,0
BRDA:2,359,1,0
BRDA:2,360,0,0
BRDA:2,360,1,0
BRDA:2,361,0,0
BRDA:2,361,1,0
BRDA:2,361,2,0
BRDA:2,361,3,0
BRDA:2,362,0,0
BRDA:2,362,1,0
BRDA:2,363,0,0
BRDA:2,363,1,0
BRDA:2,364,0,0
BRDA:2,364,1,0
BRDA:2,365,0,0
BRDA:2,365,1,0
BRDA:2,366,0,0
BRDA:2,366,1,0
BRDA:2,367,0,0
BRDA:2,367,1,0
BRDA:2,368,0,0
BRDA:2,368,1,0
BRDA:2,369,0,0
BRDA:2,369,1,0
BRDA:2,370,0,0
BRDA:2,370,1,0
BRDA:2,371,0,0
BRDA:2,371,1,0
BRDA:2,372,0,0
BRDA:2,372,1,0
BRDA:2,373,0,0
BRDA:2,373,1,0
BRDA:2,373,2,0
BRDA:2,374,0,0
BRDA:2,374,1,0
BRDA:2,375,0,0
BRDA:2,375,1,0
BRDA:2,376,0,0
BRDA:2,376,1,0
BRDA:2,377,0,0
BRDA:2,377,1,0
BRDA:2,377,2,0
BRDA:2,378,0,0
BRDA:2,378,1,0
BRDA:2,379,0,0
BRDA:2,379,1,0
BRDA:2,380,0,0
BRDA:2,380,1,0
BRDA:2,381,0,0
BRDA:2,381,1,0
BRDA:2,381,2,0
BRDA:2,382,0,0
BRDA:2,382,1,0
BRDA:2,383,0,0
BRDA:2,383,1,0
BRDA:2,384,0,0
BRDA:2,384,1,0
BRDA:2,385,0,0
BRDA:2,385,1,0
BRDA:2,386,0,0
BRDA:2,386,1,0
BRDA:2,387,0,0
BRDA:2,387,1,0
BRDA:2,388,0,0
BRDA:2,388,1,0
BRDA:2,389,0,0
BRDA:2,389,1,0
BRDA:2,390,0,0
BRDA:2,390,1,0
BRDA:2,391,0,0
BRDA:2,391,1,0
BRDA:2,392,0,0
BRDA:2,392,1,0
BRDA:2,393,0,0
BRDA:2,393,1,0
BRDA:2,393,2,0
BRDA:2,394,0,0
BRDA:2,394,1,0
BRDA:2,394,2,0
BRDA:2,394,3,0
BRDA:2,394,4,0
BRDA:2,395,0,0
BRDA:2,395,1,0
BRDA:2,396,0,0
BRDA:2,396,1,0
BRDA:2,397,0,0
BRDA:2,397,1,0
BRDA:2,398,0,0
BRDA:2,398,1,0
BRDA:2,399,0,0
BRDA:2,399,1,0
BRDA:2,400,0,0
BRDA:2,400,1,0
BRDA:2,401,0,0
BRDA:2,401,1,0
BRDA:2,402,0,0
BRDA:2,402,1,0
BRDA:2,403,0,0
BRDA:2,403,1,0
BRDA:2,404,0,0
BRDA:2,404,1,0
BRDA:2,405,0,0
BRDA:2,405,1,0
BRDA:2,406,0,0
BRDA:2,406,1,0
BRDA:2,406,2,0
BRDA:2,406,3,0
BRDA:2,406,4,0
BRDA:2,406,5,0
BRDA:2,407,0,0
BRDA:2,407,1,0
BRDA:2,408,0,0
BRDA:2,408,1,0
BRDA:2,409,0,0
BRDA:2,409,1,0
BRDA:2,410,0,0
BRDA:2,410,1,0
BRDA:2,411,0,0
BRDA:2,411,1,0
BRDA:2,412,0,0
BRDA:2,412,1,0
BRDA:2,413,0,0
BRDA:2,413,1,0
BRDA:2,414,0,0
BRDA:2,414,1,0
BRDA:2,414,2,0
BRDA:2,415,0,0
BRDA:2,415,1,0
BRDA:2,416,0,0
BRDA:2,416,1,0
BRDA:2,417,0,0
BRDA:2,417,1,0
BRDA:2,418,0,0
BRDA:2,418,1,0
BRDA:2,418,2,0
BRDA:2,418,3,0
BRDA:2,419,0,0
BRDA:2,419,1,0
BRDA:2,420,0,0
BRDA:2,420,1,0
BRDA:2,421,0,0
BRDA:2,421,1,0
BRDA:2,422,0,0
BRDA:2,422,1,0
BRDA:2,422,2,0
BRDA:2,423,0,0
BRDA:2,423,1,0
BRDA:2,424,0,0
BRDA:2,424,1,0
BRDA:2,425,0,0
BRDA:2,425,1,0
BRDA:2,426,0,0
BRDA:2,426,1,0
BRDA:2,427,0,0
BRDA:2,427,1,0
BRDA:2,428,0,0
BRDA:2,428,1,0
BRDA:2,429,0,0
BRDA:2,429,1,0
BRDA:2,430,0,0
BRDA:2,430,1,0
BRDA:2,431,0,0
BRDA:2,431,1,0
BRDA:2,432,0,0
BRDA:2,432,1,0
BRDA:2,433,0,0
BRDA:2,433,1,0
BRDA:2,434,0,0
BRDA:2,434,1,0
BRDA:2,434,2,0
BRDA:2,435,0,0
BRDA:2,435,1,0
BRDA:2,436,0,0
BRDA:2,436,1,0
BRDA:2,437,0,0
BRDA:2,437,1,0
BRDA:2,438,0,0
BRDA:2,438,1,0
BRDA:2,439,0,0
BRDA:2,439,1,0
BRDA:2,440,0,0
BRDA:2,440,1,0
BRDA:2,441,0,0
BRDA:2,441,1,0
BRDA:2,442,0,0
BRDA:2,442,1,0
BRDA:2,443,0,0
BRDA:2,443,1,0
BRDA:2,444,0,0
BRDA:2,444,1,0
BRDA:2,445,0,0
BRDA:2,445,1,0
BRDA:2,446,0,0
BRDA:2,446,1,0
BRDA:2,447,0,0
BRDA:2,447,1,0
BRDA:2,448,0,0
BRDA:2,448,1,0
BRDA:2,449,0,0
BRDA:2,449,1,0
BRDA:2,450,0,0
BRDA:2,450,1,0
BRDA:2,451,0,0
BRDA:2,451,1,0
BRDA:2,452,0,0
BRDA:2,452,1,0
BRDA:2,453,0,0
BRDA:2,453,1,0
BRDA:2,454,0,0
BRDA:2,454,1,0
BRDA:2,455,0,0
BRDA:2,455,1,0
BRDA:2,456,0,0
BRDA:2,456,1,0
BRDA:2,457,0,0
BRDA:2,457,1,0
BRDA:2,457,2,0
BRDA:2,458,0,0
BRDA:2,458,1,0
BRDA:2,458,2,0
BRDA:2,459,0,0
BRDA:2,459,1,0
BRDA:2,460,0,0
BRDA:2,460,1,0
BRDA:2,461,0,0
BRDA:2,461,1,0
BRDA:2,462,0,0
BRDA:2,462,1,0
BRDA:2,463,0,0
BRDA:2,463,1,0
BRDA:2,464,0,0
BRDA:2,464,1,0
BRDA:2,465,0,0
BRDA:2,465,1,0
BRDA:2,466,0,0
BRDA:2,466,1,0
BRDA:2,467,0,0
BRDA:2,467,1,0
BRDA:2,468,0,0
BRDA:2,468,1,0
BRDA:2,469,0,0
BRDA:2,469,1,0
BRDA:2,470,0,0
BRDA:2,470,1,0
BRDA:2,470,2,0
BRDA:2,471,0,0
BRDA:2,471,1,0
BRDA:2,472,0,0
BRDA:2,472,1,0
BRDA:2,473,0,0
BRDA:2,473,1,0
BRDA:2,474,0,0
BRDA:2,474,1,0
BRDA:2,475,0,0
BRDA:2,475,1,0
BRDA:2,476,0,0
BRDA:2,476,1,0
BRDA:2,477,0,0
BRDA:2,477,1,0
BRDA:2,478,0,0
BRDA:2,478,1,0
BRDA:2,479,0,0
BRDA:2,479,1,0
BRDA:2,480,0,0
BRDA:2,480,1,0
BRDA:2,481,0,0
BRDA:2,481,1,0
BRDA:2,482,0,0
BRDA:2,482,1,0
BRDA:2,483,0,0
BRDA:2,483,1,0
BRDA:2,484,0,0
BRDA:2,484,1,0
BRDA:2,485,0,0
BRDA:2,485,1,0
BRDA:2,486,0,0
BRDA:2,486,1,0
BRDA:2,487,0,0
BRDA:2,487,1,0
BRDA:2,488,0,0
BRDA:2,488,1,0
BRDA:2,489,0,0
BRDA:2,489,1,0
BRDA:2,490,0,0
BRDA:2,490,1,0
BRDA:2,491,0,0
BRDA:2,491,1,0
BRDA:2,492,0,0
BRDA:2,492,1,0
BRDA:2,493,0,0
BRDA:2,493,1,0
BRDA:2,494,0,0
BRDA:2,494,1,0
BRDA:2,495,0,0
BRDA:2,495,1,0
BRDA:2,496,0,0
BRDA:2,496,1,0
BRDA:2,497,0,0
BRDA:2,497,1,0
BRDA:2,497,2,0
BRDA:2,498,0,0
BRDA:2,498,1,0
BRDA:2,499,0,0
BRDA:2,499,1,0
BRDA:2,500,0,0
BRDA:2,500,1,0
BRDA:2,501,0,0
BRDA:2,501,1,0
BRDA:2,502,0,0
BRDA:2,502,1,0
BRDA:2,503,0,0
BRDA:2,503,1,0
BRDA:2,503,2,0
BRDA:2,504,0,0
BRDA:2,504,1,0
BRDA:2,505,0,0
BRDA:2,505,1,0
BRDA:2,506,0,0
BRDA:2,506,1,0
BRDA:2,507,0,0
BRDA:2,507,1,0
BRDA:2,508,0,0
BRDA:2,508,1,0
BRDA:2,508,2,0
BRDA:2,509,0,0
BRDA:2,509,1,0
BRDA:2,510,0,0
BRDA:2,510,1,0
BRDA:2,510,2,0
BRDA:2,511,0,0
BRDA:2,511,1,0
BRDA:2,511,2,0
BRDA:2,511,3,0
BRDA:2,512,0,0
BRDA:2,512,1,0
BRDA:2,512,2,0
BRDA:2,513,0,0
BRDA:2,513,1,0
BRDA:2,514,0,0
BRDA:2,514,1,0
BRDA:2,515,0,0
BRDA:2,515,1,0
BRDA:2,516,0,0
BRDA:2,516,1,0
BRDA:2,517,0,0
BRDA:2,517,1,0
BRDA:2,518,0,0
BRDA:2,518,1,0
BRDA:2,519,0,0
BRDA:2,519,1,0
BRDA:2,520,0,0
BRDA:2,520,1,0
BRDA:2,521,0,0
BRDA:2,521,1,0
BRDA:2,522,0,0
BRDA:2,522,1,0
BRDA:2,523,0,0
BRDA:2,523,1,0
BRDA:2,524,0,0
BRDA:2,524,1,0
BRDA:2,525,0,0
BRDA:2,525,1,0
BRDA:2,526,0,0
BRDA:2,526,1,0
BRDA:2,527,0,0
BRDA:2,527,1,0
BRDA:2,528,0,0
BRDA:2,528,1,0
BRDA:2,529,0,0
BRDA:2,529,1,0
BRDA:2,530,0,0
BRDA:2,530,1,0
BRDA:2,531,0,0
BRDA:2,531,1,0
BRDA:2,532,0,0
BRDA:2,532,1,0
BRDA:2,532,2,0
BRDA:2,533,0,0
BRDA:2,533,1,0
BRDA:2,534,0,0
BRDA:2,534,1,0
BRDA:2,535,0,0
BRDA:2,535,1,0
BRDA:2,536,0,0
BRDA:2,536,1,0
BRDA:2,537,0,0
BRDA:2,537,1,0
BRDA:2,538,0,0
BRDA:2,538,1,0
BRDA:2,539,0,0
BRDA:2,539,1,0
BRDA:2,540,0,0
BRDA:2,540,1,0
BRDA:2,541,0,0
BRDA:2,541,1,0
BRDA:2,542,0,0
BRDA:2,542,1,0
BRDA:2,543,0,0
BRDA:2,543,1,0
BRDA:2,544,0,0
BRDA:2,544,1,0
BRDA:2,544,2,0
BRDA:2,545,0,0
BRDA:2,545,1,0
BRDA:2,546,0,0
BRDA:2,546,1,0
BRDA:2,547,0,0
BRDA:2,547,1,0
BRDA:2,548,0,0
BRDA:2,548,1,0
BRDA:2,548,2,0
BRDA:2,549,0,0
BRDA:2,549,1,0
BRDA:2,550,0,0
BRDA:2,550,1,0
BRDA:2,551,0,0
BRDA:2,551,1,0
BRDA:2,552,0,0
BRDA:2,552,1,0
BRDA:2,553,0,0
BRDA:2,553,1,0
BRDA:2,554,0,0
BRDA:2,554,1,0
BRDA:2,555,0,0
BRDA:2,555,1,0
BRDA:2,556,0,0
BRDA:2,556,1,0
BRDA:2,557,0,0
BRDA:2,557,1,0
BRDA:2,558,0,0
BRDA:2,558,1,0
BRDA:2,559,0,0
BRDA:2,559,1,0
BRDA:2,559,2,0
BRDA:2,560,0,0
BRDA:2,560,1,0
BRDA:2,561,0,0
BRDA:2,561,1,0
BRDA:2,562,0,0
BRDA:2,562,1,0
BRDA:2,563,0,0
BRDA:2,563,1,0
BRDA:2,564,0,0
BRDA:2,564,1,0
BRDA:2,565,0,0
BRDA:2,565,1,0
BRDA:2,566,0,0
BRDA:2,566,1,0
BRDA:2,567,0,0
BRDA:2,567,1,0
BRDA:2,568,0,0
BRDA:2,568,1,0
BRDA:2,569,0,0
BRDA:2,569,1,0
BRDA:2,570,0,0
BRDA:2,570,1,0
BRDA:2,570,2,0
BRDA:2,570,3,0
BRDA:2,571,0,0
BRDA:2,571,1,0
BRDA:2,572,0,0
BRDA:2,572,1,0
BRDA:2,573,0,0
BRDA:2,573,1,0
BRDA:2,574,0,0
BRDA:2,574,1,0
BRDA:2,575,0,0
BRDA:2,575,1,0
BRDA:2,576,0,0
BRDA:2,576,1,0
BRDA:2,577,0,0
BRDA:2,577,1,0
BRDA:2,578,0,0
BRDA:2,578,1,0
BRDA:2,579,0,0
BRDA:2,579,1,0
BRDA:2,579,2,0
BRDA:2,580,0,0
BRDA:2,580,1,0
BRDA:2,581,0,0
BRDA:2,581,1,0
BRDA:2,582,0,0
BRDA:2,582,1,0
BRDA:2,583,0,0
BRDA:2,583,1,0
BRDA:2,584,0,0
BRDA:2,584,1,0
BRDA:2,585,0,0
BRDA:2,585,1,0
BRDA:2,586,0,0
BRDA:2,586,1,0
BRDA:2,587,0,0
BRDA:2,587,1,0
BRDA:2,588,0,0
BRDA:2,588,1,0
BRDA:2,589,0,0
BRDA:2,589,1,0
BRDA:3,590,0,0
BRDA:3,590,1,0
BRDA:3,591,0,0
BRDA:3,591,1,0
BRDA:3,592,0,0
BRDA:3,592,1,0
BRDA:3,593,0,0
BRDA:3,593,1,0
BRDA:3,594,0,0
BRDA:3,594,1,0
BRDA:3,595,0,0
BRDA:3,595,1,0
BRDA:3,596,0,0
BRDA:3,596,1,0
BRDA:3,597,0,0
BRDA:3,597,1,0
BRDA:3,598,0,0
BRDA:3,598,1,0
BRDA:3,599,0,0
BRDA:3,599,1,0
BRDA:3,600,0,0
BRDA:3,600,1,0
BRDA:3,601,0,0
BRDA:3,601,1,0
BRDA:3,602,0,0
BRDA:3,602,1,0
BRDA:3,603,0,0
BRDA:3,603,1,0
BRDA:3,604,0,0
BRDA:3,604,1,0
BRDA:3,605,0,0
BRDA:3,605,1,0
BRDA:3,605,2,0
BRDA:3,606,0,0
BRDA:3,606,1,0
BRDA:3,607,0,0
BRDA:3,607,1,0
BRDA:3,608,0,0
BRDA:3,608,1,0
BRDA:3,609,0,0
BRDA:3,609,1,0
BRDA:3,610,0,0
BRDA:3,610,1,0
BRDA:3,611,0,0
BRDA:3,611,1,0
BRDA:3,612,0,0
BRDA:3,612,1,0
BRDA:3,613,0,0
BRDA:3,613,1,0
BRDA:3,614,0,0
BRDA:3,614,1,0
BRDA:3,615,0,0
BRDA:3,615,1,0
BRDA:3,616,0,0
BRDA:3,616,1,0
BRDA:3,616,2,0
BRDA:3,617,0,0
BRDA:3,617,1,0
BRDA:3,618,0,0
BRDA:3,618,1,0
BRDA:3,619,0,0
BRDA:3,619,1,0
BRDA:3,620,0,0
BRDA:3,620,1,0
BRDA:3,621,0,0
BRDA:3,621,1,0
BRDA:3,621,2,0
BRDA:3,622,0,0
BRDA:3,622,1,0
BRDA:3,623,0,0
BRDA:3,623,1,0
BRDA:3,624,0,0
BRDA:3,624,1,0
BRDA:3,625,0,0
BRDA:3,625,1,0
BRDA:3,626,0,0
BRDA:3,626,1,0
BRDA:3,626,2,0
BRDA:3,627,0,0
BRDA:3,627,1,0
BRDA:3,628,0,0
BRDA:3,628,1,0
BRDA:3,629,0,0
BRDA:3,629,1,0
BRDA:3,630,0,0
BRDA:3,630,1,0
BRDA:3,630,2,0
BRDA:3,631,0,0
BRDA:3,631,1,0
BRDA:3,632,0,0
BRDA:3,632,1,0
BRDA:3,632,2,0
BRDA:3,632,3,0
BRDA:3,633,0,0
BRDA:3,633,1,0
BRDA:3,634,0,0
BRDA:3,634,1,0
BRDA:3,635,0,0
BRDA:3,635,1,0
BRDA:3,636,0,0
BRDA:3,636,1,0
BRDA:3,637,0,0
BRDA:3,637,1,0
BRDA:3,638,0,0
BRDA:3,638,1,0
BRDA:3,638,2,0
BRDA:3,639,0,0
BRDA:3,639,1,0
BRDA:3,640,0,0
BRDA:3,640,1,0
BRDA:3,641,0,0
BRDA:3,641,1,0
BRDA:3,641,2,0
BRDA:3,642,0,0
BRDA:3,642,1,0
BRDA:3,643,0,0
BRDA:3,643,1,0
BRDA:3,644,0,0
BRDA:3,644,1,0
BRDA:3,645,0,0
BRDA:3,645,1,0
BRDA:3,646,0,0
BRDA:3,646,1,0
BRDA:3,647,0,0
BRDA:3,647,1,0
BRDA:3,648,0,0
BRDA:3,648,1,0
BRDA:3,649,0,0
BRDA:3,649,1,0
BRDA:3,649,2,0
BRDA:3,650,0,0
BRDA:3,650,1,0
BRDA:3,651,0,0
BRDA:3,651,1,0
BRDA:3,652,0,0
BRDA:3,652,1,0
BRDA:3,653,0,0
BRDA:3,653,1,0
BRDA:3,654,0,0
BRDA:3,654,1,0
BRDA:3,655,0,0
BRDA:3,655,1,0
BRDA:3,656,0,0
BRDA:3,656,1,0
BRDA:3,657,0,0
BRDA:3,657,1,0
BRDA:3,658,0,0
BRDA:3,658,1,0
BRDA:3,659,0,0
BRDA:3,659,1,0
BRDA:3,660,0,0
BRDA:3,660,1,0
BRDA:3,661,0,0
BRDA:3,661,1,0
BRDA:3,662,0,0
BRDA:3,662,1,0
BRDA:3,663,0,0
BRDA:3,663,1,0
BRDA:3,664,0,0
BRDA:3,664,1,0
BRDA:3,665,0,0
BRDA:3,665,1,0
BRDA:3,666,0,0
BRDA:3,666,1,0
BRDA:3,667,0,0
BRDA:3,667,1,0
BRDA:3,668,0,0
BRDA:3,668,1,0
BRDA:3,669,0,0
BRDA:3,669,1,0
BRDA:3,670,0,0
BRDA:3,670,1,0
BRDA:3,671,0,0
BRDA:3,671,1,0
BRDA:3,672,0,0
BRDA:3,672,1,0
BRDA:3,673,0,0
BRDA:3,673,1,0
BRDA:3,674,0,0
BRDA:3,674,1,0
BRDA:3,675,0,0
BRDA:3,675,1,0
BRDA:3,676,0,0
BRDA:3,676,1,0
BRDA:3,677,0,0
BRDA:3,677,1,0
BRDA:3,678,0,0
BRDA:3,678,1,0
BRDA:3,679,0,0
BRDA:3,679,1,0
BRDA:3,680,0,0
BRDA:3,680,1,0
BRDA:3,681,0,0
BRDA:3,681,1,0
BRDA:3,682,0,0
BRDA:3,682,1,0
BRDA:3,683,0,0
BRDA:3,683,1,0
BRDA:3,684,0,0
BRDA:3,684,1,0
BRDA:3,685,0,0
BRDA:3,685,1,0
BRDA:3,686,0,0
BRDA:3,686,1,0
BRDA:3,687,0,0
BRDA:3,687,1,0
BRDA:3,688,0,0
BRDA:3,688,1,0
BRDA:3,689,0,0
BRDA:3,689,1,0
BRDA:3,690,0,0
BRDA:3,690,1,0
BRDA:3,691,0,0
BRDA:3,691,1,0
BRDA:3,692,0,0
BRDA:3,692,1,0
BRDA:3,693,0,0
BRDA:3,693,1,0
BRDA:3,694,0,0
BRDA:3,694,1,0
BRDA:3,695,0,0
BRDA:3,695,1,0
BRDA:3,695,2,0
BRDA:3,695,3,0
BRDA:3,696,0,0
BRDA:3,696,1,0
BRDA:3,697,0,0
BRDA:3,697,1,0
BRDA:3,698,0,0
BRDA:3,698,1,0
BRDA:3,699,0,0
BRDA:3,699,1,0
BRDA:3,700,0,0
BRDA:3,700,1,0
BRDA:3,701,0,0
BRDA:3,701,1,0
BRDA:3,702,0,0
BRDA:3,702,1,0
BRDA:3,703,0,0
BRDA:3,703,1,0
BRDA:3,704,0,0
BRDA:3,704,1,0
BRDA:3,705,0,0
BRDA:3,705,1,0
BRDA:3,706,0,0
BRDA:3,706,1,0
BRDA:3,707,0,0
BRDA:3,707,1,0
BRDA:3,708,0,0
BRDA:3,708,1,0
BRDA:3,709,0,0
BRDA:3,709,1,0
BRDA:3,710,0,0
BRDA:3,710,1,0
BRDA:3,711,0,0
BRDA:3,711,1,0
BRDA:3,712,0,0
BRDA:3,712,1,0
BRDA:3,712,2,0
BRDA:3,712,3,0
BRDA:3,712,4,0
BRDA:3,712,5,0
BRDA:3,712,6,0
BRDA:3,712,7,0
BRDA:3,712,8,0
BRDA:3,712,9,0
BRDA:3,712,10,0
BRDA:3,713,0,0
BRDA:3,713,1,0
BRDA:3,714,0,0
BRDA:3,714,1,0
BRDA:3,715,0,0
BRDA:3,715,1,0
BRDA:3,715,2,0
BRDA:3,716,0,0
BRDA:3,716,1,0
BRDA:3,716,2,0
BRDA:3,717,0,0
BRDA:3,717,1,0
BRDA:3,718,0,0
BRDA:3,718,1,0
BRDA:3,719,0,0
BRDA:3,719,1,0
BRDA:3,720,0,0
BRDA:3,720,1,0
BRDA:3,721,0,0
BRDA:3,721,1,0
BRDA:3,722,0,0
BRDA:3,722,1,0
BRDA:3,723,0,0
BRDA:3,723,1,0
BRDA:3,724,0,0
BRDA:3,724,1,0
BRDA:3,725,0,0
BRDA:3,725,1,0
BRDA:3,725,2,0
BRDA:3,726,0,0
BRDA:3,726,1,0
BRDA:3,727,0,0
BRDA:3,727,1,0
BRDA:3,728,0,0
BRDA:3,728,1,0
BRDA:3,728,2,0
BRDA:3,729,0,0
BRDA:3,729,1,0
BRDA:3,730,0,0
BRDA:3,730,1,0
BRDA:3,731,0,0
BRDA:3,731,1,0
BRDA:3,731,2,0
BRDA:3,731,3,0
BRDA:3,731,4,0
BRDA:3,732,0,0
BRDA:3,732,1,0
BRDA:3,733,0,0
BRDA:3,733,1,0
BRDA:3,734,0,0
BRDA:3,734,1,0
BRDA:3,734,2,0
BRDA:3,735,0,0
BRDA:3,735,1,0
BRDA:3,736,0,0
BRDA:3,736,1,0
BRDA:3,737,0,0
BRDA:3,737,1,0
BRDA:3,738,0,0
BRDA:3,738,1,0
BRDA:3,739,0,0
BRDA:3,739,1,0
BRDA:3,740,0,0
BRDA:3,740,1,0
BRDA:3,741,0,0
BRDA:3,741,1,0
BRDA:3,742,0,0
BRDA:3,742,1,0
BRDA:3,742,2,0
BRDA:3,743,0,0
BRDA:3,743,1,0
BRDA:3,744,0,0
BRDA:3,744,1,0
BRDA:3,744,2,0
BRDA:3,744,3,0
BRDA:3,744,4,0
BRDA:3,745,0,0
BRDA:3,745,1,0
BRDA:3,745,2,0
BRDA:3,745,3,0
BRDA:3,745,4,0
BRDA:3,746,0,0
BRDA:3,746,1,0
BRDA:3,746,2,0
BRDA:3,746,3,0
BRDA:3,746,4,0
BRDA:3,747,0,0
BRDA:3,747,1,0
BRDA:3,747,2,0
BRDA:3,747,3,0
BRDA:3,747,4,0
BRDA:3,748,0,0
BRDA:3,748,1,0
BRDA:3,748,2,0
BRDA:3,749,0,0
BRDA:3,749,1,0
BRDA:3,750,0,0
BRDA:3,750,1,0
BRDA:3,751,0,0
BRDA:3,751,1,0
BRDA:3,752,0,0
BRDA:3,752,1,0
BRDA:3,753,0,0
BRDA:3,753,1,0
BRDA:3,754,0,0
BRDA:3,754,1,0
BRDA:3,755,0,0
BRDA:3,755,1,0
BRDA:3,756,0,0
BRDA:3,756,1,0
BRDA:3,757,0,0
BRDA:3,757,1,0
BRDA:3,758,0,0
BRDA:3,758,1,0
BRDA:3,759,0,0
BRDA:3,759,1,0
BRDA:3,760,0,0
BRDA:3,760,1,0
BRDA:3,761,0,0
BRDA:3,761,1,0
BRDA:3,762,0,0
BRDA:3,762,1,0
BRDA:3,763,0,0
BRDA:3,763,1,0
BRDA:3,764,0,0
BRDA:3,764,1,0
BRDA:3,765,0,0
BRDA:3,765,1,0
BRDA:3,765,2,0
BRDA:3,766,0,0
BRDA:3,766,1,0
BRDA:3,766,2,0
BRDA:3,767,0,0
BRDA:3,767,1,0
BRDA:3,768,0,0
BRDA:3,768,1,0
BRDA:3,769,0,0
BRDA:3,769,1,0
BRDA:3,770,0,0
BRDA:3,770,1,0
BRDA:3,771,0,0
BRDA:3,771,1,0
[...]
BRDA:4,1279,1,0
BRDA:4,1280,0,0
BRDA:4,1280,1,0
BRDA:4,1281,0,0
BRDA:4,1281,1,0
BRDA:4,1282,0,0
BRDA:4,1282,1,0
BRDA:4,1283,0,0
BRDA:4,1283,1,0
BRDA:4,1284,0,0
BRDA:4,1284,1,0
BRDA:4,1285,0,0
BRDA:4,1285,1,0
BRDA:4,1286,0,0
BRDA:4,1286,1,0
BRDA:4,1286,2,0
BRDA:4,1286,3,0
BRDA:4,1286,4,0
BRDA:4,1287,0,0
BRDA:4,1287,1,0
BRDA:4,1288,0,0
BRDA:4,1288,1,0
BRDA:4,1289,0,0
BRDA:4,1289,1,0
BRDA:4,1290,0,0
BRDA:4,1290,1,0
BRDA:4,1291,0,0
BRDA:4,1291,1,0
BRDA:4,1291,2,0
BRDA:4,1292,0,0
BRDA:4,1292,1,0
BRDA:4,1293,0,0
BRDA:4,1293,1,0
BRDA:4,1294,0,0
BRDA:4,1294,1,0
BRDA:4,1295,0,0
BRDA:4,1295,1,0
BRDA:4,1295,2,0
BRDA:4,1296,0,0
BRDA:4,1296,1,0
BRDA:4,1297,0,0
BRDA:4,1297,1,0
BRDA:4,1298,0,0
BRDA:4,1298,1,0
BRDA:4,1299,0,0
BRDA:4,1299,1,0
BRDA:4,1300,0,0
BRDA:4,1300,1,0
BRDA:4,1301,0,0
BRDA:4,1301,1,0
BRDA:4,1301,2,0
BRDA:4,1302,0,0
BRDA:4,1302,1,0
BRDA:4,1303,0,0
BRDA:4,1303,1,0
BRDA:4,1304,0,0
BRDA:4,1304,1,0
BRDA:4,1305,0,0
BRDA:4,1305,1,0
BRDA:4,1306,0,0
BRDA:4,1306,1,0
BRDA:4,1307,0,0
BRDA:4,1307,1,0
BRDA:4,1308,0,0
BRDA:4,1308,1,0
BRDA:4,1309,0,0
BRDA:4,1309,1,0
BRDA:4,1310,0,0
BRDA:4,1310,1,0
BRDA:4,1310,2,0
BRDA:4,1311,0,0
BRDA:4,1311,1,0
BRDA:4,1312,0,0
BRDA:4,1312,1,0
BRDA:4,1313,0,0
BRDA:4,1313,1,0
BRDA:4,1314,0,0
BRDA:4,1314,1,0
BRDA:4,1315,0,0
BRDA:4,1315,1,0
BRDA:4,1316,0,0
BRDA:4,1316,1,0
BRDA:4,1317,0,0
BRDA:4,1317,1,0
BRDA:4,1318,0,0
BRDA:4,1318,1,0
BRDA:4,1319,0,0
BRDA:4,1319,1,0
BRDA:4,1320,0,0
BRDA:4,1320,1,0
BRDA:4,1321,0,0
BRDA:4,1321,1,0
BRDA:4,1322,0,0
BRDA:4,1322,1,0
BRDA:4,1323,0,0
BRDA:4,1323,1,0
BRDA:4,1324,0,0
BRDA:4,1324,1,0
BRDA:4,1325,0,0
BRDA:4,1325,1,0
BRDA:4,1326,0,0
BRDA:4,1326,1,0
BRDA:4,1327,0,0
BRDA:4,1327,1,0
BRDA:4,1328,0,0
BRDA:4,1328,1,0
BRDA:4,1329,0,0
BRDA:4,1329,1,0
BRDA:4,1329,2,0
BRDA:4,1330,0,0
BRDA:4,1330,1,0
BRDA:4,1331,0,0
BRDA:4,1331,1,0
BRDA:4,1332,0,0
BRDA:4,1332,1,0
BRDA:4,1333,0,0
BRDA:4,1333,1,0
BRDA:4,1334,0,0
BRDA:4,1334,1,0
BRDA:4,1335,0,0
BRDA:4,1335,1,0
BRDA:4,1336,0,0
BRDA:4,1336,1,0
BRDA:4,1337,0,0
BRDA:4,1337,1,0
BRDA:4,1338,0,0
BRDA:4,1338,1,0
BRDA:4,1339,0,0
BRDA:4,1339,1,0
BRDA:4,1340,0,0
BRDA:4,1340,1,0
BRDA:4,1341,0,0
BRDA:4,1341,1,0
BRDA:4,1342,0,0
BRDA:4,1342,1,0
BRDA:4,1342,2,0
BRDA:4,1343,0,0
BRDA:4,1343,1,0
BRDA:4,1344,0,0
BRDA:4,1344,1,0
BRDA:4,1344,2,0
BRDA:4,1344,3,0
BRDA:4,1344,4,0
BRDA:4,1344,5,0
BRDA:4,1345,0,0
BRDA:4,1345,1,0
BRDA:4,1346,0,0
BRDA:4,1346,1,0
BRDA:4,1347,0,0
BRDA:4,1347,1,0
BRDA:4,1348,0,0
BRDA:4,1348,1,0
BRDA:4,1349,0,0
BRDA:4,1349,1,0
BRDA:4,1349,2,0
BRDA:4,1350,0,0
BRDA:4,1350,1,0
BRDA:4,1351,0,0
BRDA:4,1351,1,0
BRDA:4,1351,2,0
BRDA:4,1352,0,0
BRDA:4,1352,1,0
BRDA:4,1352,2,0
BRDA:4,1353,0,0
BRDA:4,1353,1,0
BRDA:4,1354,0,0
BRDA:4,1354,1,0
BRDA:4,1355,0,0
BRDA:4,1355,1,0
BRDA:4,1356,0,0
BRDA:4,1356,1,0
BRDA:4,1357,0,0
BRDA:4,1357,1,0
BRDA:4,1358,0,0
BRDA:4,1358,1,0
BRDA:4,1359,0,0
BRDA:4,1359,1,0
BRDA:4,1360,0,0
BRDA:4,1360,1,0
BRDA:4,1361,0,0
BRDA:4,1361,1,0
BRDA:4,1362,0,0
BRDA:4,1362,1,0
BRDA:4,1363,0,0
BRDA:4,1363,1,0
BRDA:4,1364,0,0
BRDA:4,1364,1,0
BRDA:4,1364,2,0
BRDA:4,1365,0,0
BRDA:4,1365,1,0
BRDA:4,1366,0,0
BRDA:4,1366,1,0
BRDA:4,1367,0,0
BRDA:4,1367,1,0
BRDA:4,1368,0,0
BRDA:4,1368,1,0
BRDA:4,1369,0,0
BRDA:4,1369,1,0
BRDA:4,1370,0,0
BRDA:4,1370,1,0
BRDA:4,1371,0,0
BRDA:4,1371,1,0
BRDA:4,1372,0,0
BRDA:4,1372,1,0
BRDA:4,1373,0,0
BRDA:4,1373,1,0
BRDA:4,1374,0,0
BRDA:4,1374,1,0
BRDA:4,1375,0,0
BRDA:4,1375,1,0
BRDA:4,1376,0,0
BRDA:4,1376,1,0
BRDA:4,1376,2,0
BRDA:4,1376,3,0
BRDA:4,1377,0,0
BRDA:4,1377,1,0
BRDA:4,1378,0,0
BRDA:4,1378,1,0
BRDA:4,1379,0,0
BRDA:4,1379,1,0
BRDA:4,1380,0,0
BRDA:4,1380,1,0
BRDA:4,1381,0,0
BRDA:4,1381,1,0
BRDA:4,1382,0,0
BRDA:4,1382,1,0
BRDA:4,1383,0,0
BRDA:4,1383,1,0
BRDA:4,1384,0,0
BRDA:4,1384,1,0
BRDA:4,1385,0,0
BRDA:4,1385,1,0
BRDA:4,1386,0,0
BRDA:4,1386,1,0
BRDA:4,1387,0,0
BRDA:4,1387,1,0
BRDA:4,1387,2,0
BRDA:4,1388,0,0
BRDA:4,1388,1,0
BRDA:4,1389,0,0
BRDA:4,1389,1,0
BRDA:4,1390,0,0
BRDA:4,1390,1,0
BRDA:4,1391,0,0
BRDA:4,1391,1,0
BRDA:4,1392,0,0
BRDA:4,1392,1,0
BRDA:4,1393,0,0
BRDA:4,1393,1,0
BRDA:4,1394,0,0
BRDA:4,1394,1,0
BRDA:4,1394,2,0
BRDA:4,1395,0,0
BRDA:4,1395,1,0
BRDA:4,1396,0,0
BRDA:4,1396,1,0
BRDA:4,1397,0,0
BRDA:4,1397,1,0
BRDA:4,1398,0,0
BRDA:4,1398,1,0
BRDA:4,1399,0,0
BRDA:4,1399,1,0
BRDA:4,1399,2,0
BRDA:4,1400,0,0
BRDA:4,1400,1,0
BRDA:4,1401,0,0
BRDA:4,1401,1,0
BRDA:4,1402,0,0
BRDA:4,1402,1,0
BRDA:4,1403,0,0
BRDA:4,1403,1,0
BRDA:4,1404,0,0
BRDA:4,1404,1,0
BRDA:4,1405,0,0
BRDA:4,1405,1,0
BRDA:4,1406,0,0
BRDA:4,1406,1,0
BRDA:4,1407,0,0
BRDA:4,1407,1,0
BRDA:4,1408,0,0
BRDA:4,1408,1,0
BRDA:4,1408,2,0
BRDA:4,1409,0,0
BRDA:4,1409,1,0
BRDA:4,1410,0,0
BRDA:4,1410,1,0
BRDA:4,1411,0,0
BRDA:4,1411,1,0
BRDA:4,1412,0,0
BRDA:4,1412,1,0
BRDA:4,1413,0,0
BRDA:4,1413,1,0
BRDA:4,1414,0,0
BRDA:4,1414,1,0
BRDA:4,1415,0,0
BRDA:4,1415,1,0
BRDA:4,1416,0,0
BRDA:4,1416,1,0
BRDA:4,1417,0,0
BRDA:4,1417,1,0
BRDA:4,1418,0,0
BRDA:4,1418,1,0
BRDA:4,1419,0,0
BRDA:4,1419,1,0
BRDA:4,1420,0,0
BRDA:4,1420,1,0
BRDA:4,1421,0,0
BRDA:4,1421,1,0
BRDA:4,1422,0,0
BRDA:4,1422,1,0
BRDA:4,1423,0,0
BRDA:4,1423,1,0
BRDA:4,1424,0,0
BRDA:4,1424,1,0
BRDA:4,1425,0,0
BRDA:4,1425,1,0
BRDA:4,1426,0,0
BRDA:4,1426,1,0
BRDA:4,1427,0,0
BRDA:4,1427,1,0
BRDA:4,1428,0,0
BRDA:4,1428,1,0
BRDA:4,1429,0,0
BRDA:4,1429,1,0
BRDA:4,1430,0,0
BRDA:4,1430,1,0
BRDA:4,1431,0,0
BRDA:4,1431,1,0
BRDA:4,1432,0,0
BRDA:4,1432,1,0
BRDA:4,1433,0,0
BRDA:4,1433,1,0
BRDA:4,1433,2,0
BRDA:4,1434,0,0
BRDA:4,1434,1,0
BRDA:4,1435,0,0
BRDA:4,1435,1,0
BRDA:4,1436,0,0
BRDA:4,1436,1,0
BRDA:4,1437,0,0
BRDA:4,1437,1,0
BRDA:4,1438,0,0
BRDA:4,1438,1,0
BRDA:4,1439,0,0
BRDA:4,1439,1,0
BRDA:4,1440,0,0
BRDA:4,1440,1,0
BRDA:4,1441,0,0
BRDA:4,1441,1,0
BRDA:4,1442,0,0
BRDA:4,1442,1,0
BRDA:4,1443,0,0
BRDA:4,1443,1,0
BRDA:4,1443,2,0
BRDA:4,1444,0,0
BRDA:4,1444,1,0
BRDA:4,1445,0,0
BRDA:4,1445,1,0
BRDA:4,1445,2,0
BRDA:4,1446,0,0
BRDA:4,1446,1,0
BRF:3207
BRH:0
end_of_record
TN:
SF:js\landscapeColors.js
FN:6,handleMouseMove
FNF:1
FNH:0
FNDA:0,handleMouseMove
DA:1,0
DA:2,0
DA:4,0
DA:7,0
LF:4
LH:0
BRF:0
BRH:0
end_of_record
TN:
SF:js\landscapePinkRocks.js
FN:12,handleMouseClick
FN:28,handleMouseWheel
FNF:2
FNH:0
FNDA:0,handleMouseClick
FNDA:0,handleMouseWheel
DA:1,0
DA:2,0
DA:3,0
DA:5,0
DA:7,0
DA:8,0
DA:13,0
DA:14,0
DA:16,0
DA:18,0
DA:19,0
DA:20,0
DA:23,0
DA:24,0
DA:29,0
DA:30,0
DA:31,0
DA:33,0
DA:34,0
DA:35,0
DA:37,0
DA:38,0
LF:22
LH:0
BRDA:13,0,0,0
BRDA:13,0,1,0
BRDA:13,1,0,0
BRDA:13,1,1,0
BRDA:18,2,0,0
BRDA:18,2,1,0
BRDA:18,3,0,0
BRDA:18,3,1,0
BRDA:23,4,0,0
BRDA:23,4,1,0
BRDA:24,5,0,0
BRDA:24,5,1,0
BRDA:29,6,0,0
BRDA:29,6,1,0
BRDA:29,7,0,0
BRDA:29,7,1,0
BRDA:33,8,0,0
BRDA:33,8,1,0
BRDA:33,9,0,0
BRDA:33,9,1,0
BRDA:37,10,0,0
BRDA:37,10,1,0
BRDA:38,11,0,0
BRDA:38,11,1,0
BRF:24
BRH:0
end_of_record
TN:
SF:js\landscapes.js
FN:10,handleMouseMove
FN:15,handleScroll
FN:16,(anonymous_2)
FNF:3
FNH:0
FNDA:0,handleMouseMove
FNDA:0,handleScroll
FNDA:0,(anonymous_2)
DA:1,0
DA:2,0
DA:5,0
DA:7,0
DA:8,0
DA:11,0
DA:16,0
DA:17,0
DA:18,0
DA:21,0
DA:23,0
DA:24,0
DA:27,0
LF:13
LH:0
BRDA:17,0,0,0
BRDA:17,0,1,0
BRDA:23,1,0,0
BRDA:23,1,1,0
BRF:4
BRH:0
end_of_record
TN:
SF:js\light.js
FN:8,handleMouseMove
FNF:1
FNH:0
FNDA:0,handleMouseMove
DA:1,0
DA:2,0
DA:6,0
DA:9,0
DA:10,0
LF:5
LH:0
BRF:0
BRH:0
end_of_record
TN:
SF:js\load.js
FN:1,(anonymous_0)
FNF:1
FNH:0
FNDA:0,(anonymous_0)
DA:1,0
DA:3,0
LF:2
LH:0
BRF:0
BRH:0
end_of_record
TN:
SF:js\modernizr.js
FN:25,(anonymous_0)
FN:97,(anonymous_1)
FN:155,(anonymous_2)
FN:164,(anonymous_3)
FN:185,(anonymous_4)
FN:193,isEventSupported
FN:231,(anonymous_6)
FN:236,(anonymous_7)
FN:245,bind
FN:254,(anonymous_9)
FN:258,(anonymous_10)
FN:289,setCss
FN:296,setCssAll
FN:303,is
FN:310,contains
FN:334,testProps
FN:350,testDOMProps
FN:378,testPropsAll
FN:404,(anonymous_18)
FN:411,(anonymous_19)
FN:419,(anonymous_20)
FN:424,(anonymous_21)
FN:433,(anonymous_22)
FN:451,(anonymous_23)
FN:457,(anonymous_24)
FN:476,(anonymous_25)
FN:481,(anonymous_26)
FN:488,(anonymous_27)
FN:496,(anonymous_28)
FN:502,(anonymous_29)
FN:511,(anonymous_30)
FN:515,(anonymous_31)
FN:524,(anonymous_32)
FN:530,(anonymous_33)
FN:538,(anonymous_34)
FN:547,(anonymous_35)
FN:565,(anonymous_36)
FN:569,(anonymous_37)
FN:577,(anonymous_38)
FN:582,(anonymous_39)
FN:587,(anonymous_40)
FN:592,(anonymous_41)
FN:609,(anonymous_42)
FN:614,(anonymous_43)
FN:619,(anonymous_44)
FN:643,(anonymous_45)
FN:648,(anonymous_46)
FN:653,(anonymous_47)
FN:665,(anonymous_48)
FN:673,(anonymous_49)
FN:685,(anonymous_50)
FN:688,(anonymous_51)
FN:701,(anonymous_52)
FN:704,(anonymous_53)
FN:727,(anonymous_54)
FN:748,(anonymous_55)
FN:788,(anonymous_56)
FN:798,(anonymous_57)
FN:809,(anonymous_58)
FN:814,(anonymous_59)
FN:820,(anonymous_60)
FN:826,(anonymous_61)
FN:833,(anonymous_62)
FN:842,(anonymous_63)
FN:849,webforms
FN:861,(anonymous_65)
FN:881,(anonymous_66)
FN:969,(anonymous_67)
FN:1010,(anonymous_68)
FN:1039,(anonymous_69)
FN:1046,(anonymous_70)
FN:1073,addStyleSheet
FN:1086,getElements
FN:1097,getExpandoData
FN:1115,createElement
FN:1151,createDocumentFragment
FN:1175,shivMethods
FN:1184,(anonymous_77)
FN:1196,(anonymous_78)
FN:1213,shivDocument
FN:1344,(anonymous_80)
FN:1385,(anonymous_81)
FNF:82
FNH:0
FNDA:0,(anonymous_0)
FNDA:0,(anonymous_1)
FNDA:0,(anonymous_2)
FNDA:0,(anonymous_3)
FNDA:0,(anonymous_4)
FNDA:0,isEventSupported
FNDA:0,(anonymous_6)
FNDA:0,(anonymous_7)
FNDA:0,bind
FNDA:0,(anonymous_9)
FNDA:0,(anonymous_10)
FNDA:0,setCss
FNDA:0,setCssAll
FNDA:0,is
FNDA:0,contains
FNDA:0,testProps
FNDA:0,testDOMProps
FNDA:0,testPropsAll
FNDA:0,(anonymous_18)
FNDA:0,(anonymous_19)
FNDA:0,(anonymous_20)
FNDA:0,(anonymous_21)
FNDA:0,(anonymous_22)
FNDA:0,(anonymous_23)
FNDA:0,(anonymous_24)
FNDA:0,(anonymous_25)
FNDA:0,(anonymous_26)
FNDA:0,(anonymous_27)
FNDA:0,(anonymous_28)
FNDA:0,(anonymous_29)
FNDA:0,(anonymous_30)
FNDA:0,(anonymous_31)
FNDA:0,(anonymous_32)
FNDA:0,(anonymous_33)
FNDA:0,(anonymous_34)
FNDA:0,(anonymous_35)
FNDA:0,(anonymous_36)
FNDA:0,(anonymous_37)
FNDA:0,(anonymous_38)
FNDA:0,(anonymous_39)
FNDA:0,(anonymous_40)
FNDA:0,(anonymous_41)
FNDA:0,(anonymous_42)
FNDA:0,(anonymous_43)
FNDA:0,(anonymous_44)
FNDA:0,(anonymous_45)
FNDA:0,(anonymous_46)
FNDA:0,(anonymous_47)
FNDA:0,(anonymous_48)
FNDA:0,(anonymous_49)
FNDA:0,(anonymous_50)
FNDA:0,(anonymous_51)
FNDA:0,(anonymous_52)
FNDA:0,(anonymous_53)
FNDA:0,(anonymous_54)
FNDA:0,(anonymous_55)
FNDA:0,(anonymous_56)
FNDA:0,(anonymous_57)
FNDA:0,(anonymous_58)
FNDA:0,(anonymous_59)
FNDA:0,(anonymous_60)
FNDA:0,(anonymous_61)
FNDA:0,(anonymous_62)
FNDA:0,(anonymous_63)
FNDA:0,webforms
FNDA:0,(anonymous_65)
FNDA:0,(anonymous_66)
FNDA:0,(anonymous_67)
FNDA:0,(anonymous_68)
FNDA:0,(anonymous_69)
FNDA:0,(anonymous_70)
FNDA:0,addStyleSheet
FNDA:0,getElements
FNDA:0,getExpandoData
FNDA:0,createElement
FNDA:0,createDocumentFragment
FNDA:0,shivMethods
FNDA:0,(anonymous_77)
FNDA:0,(anonymous_78)
FNDA:0,shivDocument
FNDA:0,(anonymous_80)
FNDA:0,(anonymous_81)
DA:25,0
DA:27,0
DA:29,0
DA:33,0
DA:36,0
DA:41,0
DA:42,0
DA:43,0
DA:48,0
DA:51,0
DA:54,0
DA:59,0
DA:73,0
DA:75,0
DA:77,0
DA:81,0
DA:84,0
DA:85,0
DA:86,0
DA:88,0
DA:90,0
DA:97,0
DA:100,0
DA:102,0
DA:104,0
DA:106,0
DA:109,0
DA:110,0
DA:111,0
DA:112,0
DA:121,0
DA:122,0
DA:125,0
DA:126,0
DA:127,0
DA:129,0
DA:131,0
DA:132,0
DA:133,0
DA:134,0
DA:137,0
DA:139,0
DA:140,0
DA:141,0
DA:143,0
DA:146,0
DA:155,0
DA:157,0
DA:158,0
DA:159,0
DA:164,0
DA:165,0
DA:170,0
DA:185,0
DA:187,0
DA:195,0
DA:196,0
DA:199,0
DA:201,0
DA:203,0
DA:204,0
DA:206,0
DA:207,0
DA:208,0
DA:211,0
DA:212,0
DA:214,0
DA:218,0
DA:219,0
DA:221,0
DA:228,0
DA:230,0
DA:231,0
DA:232,0
DA:236,0
DA:237,0
DA:244,0
DA:245,0
DA:247,0
DA:249,0
DA:250,0
DA:253,0
DA:254,0
DA:256,0
DA:258,0
DA:259,0
DA:260,0
DA:262,0
DA:266,0
DA:267,0
DA:269,0
DA:273,0
DA:282,0
DA:290,0
DA:297,0
DA:304,0
DA:311,0
DA:335,0
DA:336,0
DA:337,0
DA:338,0
DA:341,0
DA:351,0
DA:352,0
DA:353,0
DA:356,0
DA:359,0
DA:361,0
DA:365,0
DA:368,0
DA:380,0
DA:381,0
DA:384,0
DA:385,0
DA:389,0
DA:390,0
DA:404,0
DA:405,0
DA:411,0
DA:412,0
DA:419,0
DA:420,0
DA:421,0
DA:424,0
DA:425,0
DA:433,0
DA:434,0
DA:451,0
DA:454,0
DA:455,0
DA:457,0
DA:458,0
DA:462,0
DA:476,0
DA:477,0
DA:481,0
DA:482,0
DA:488,0
DA:489,0
DA:496,0
DA:497,0
DA:502,0
DA:503,0
DA:511,0
DA:512,0
DA:515,0
DA:516,0
DA:517,0
DA:524,0
DA:525,0
DA:530,0
DA:533,0
DA:535,0
DA:538,0
DA:542,0
DA:544,0
DA:547,0
DA:552,0
DA:557,0
DA:565,0
DA:566,0
DA:569,0
DA:570,0
DA:577,0
DA:578,0
DA:582,0
DA:583,0
DA:587,0
DA:588,0
DA:592,0
DA:597,0
DA:602,0
DA:609,0
DA:610,0
DA:614,0
DA:615,0
DA:619,0
DA:628,0
DA:629,0
DA:630,0
DA:632,0
DA:639,0
DA:643,0
DA:644,0
DA:648,0
DA:649,0
DA:653,0
DA:655,0
DA:661,0
DA:665,0
DA:666,0
DA:669,0
DA:673,0
DA:674,0
DA:685,0
DA:688,0
DA:689,0
DA:690,0
DA:691,0
DA:693,0
DA:696,0
DA:701,0
DA:704,0
DA:705,0
DA:708,0
DA:727,0
DA:728,0
DA:729,0
DA:732,0
DA:733,0
DA:734,0
DA:735,0
DA:738,0
DA:740,0
DA:745,0
DA:748,0
DA:749,0
DA:750,0
DA:752,0
DA:753,0
DA:754,0
DA:755,0
DA:756,0
DA:761,0
DA:762,0
DA:767,0
DA:788,0
DA:789,0
DA:790,0
DA:791,0
DA:792,0
DA:794,0
DA:798,0
DA:799,0
DA:800,0
DA:801,0
DA:802,0
DA:804,0
DA:809,0
DA:810,0
DA:814,0
DA:815,0
DA:820,0
DA:821,0
DA:826,0
DA:827,0
DA:828,0
DA:829,0
DA:833,0
DA:834,0
DA:842,0
DA:843,0
DA:861,0
DA:862,0
DA:863,0
DA:865,0
DA:868,0
DA:870,0
DA:881,0
DA:883,0
DA:885,0
DA:886,0
DA:891,0
DA:893,0
DA:894,0
DA:896,0
DA:898,0
DA:899,0
DA:902,0
DA:908,0
DA:910,0
DA:917,0
DA:919,0
DA:923,0
DA:927,0
DA:929,0
DA:943,0
DA:944,0
DA:948,0
DA:949,0
DA:951,0
DA:957,0
DA:969,0
DA:970,0
DA:971,0
DA:972,0
DA:973,0
DA:978,0
DA:980,0
DA:986,0
DA:989,0
DA:991,0
DA:992,0
DA:994,0
DA:998,0
DA:1003,0
DA:1004,0
DA:1010,0
DA:1013,0
DA:1016,0
DA:1019,0
DA:1022,0
DA:1028,0
DA:1031,0
DA:1034,0
DA:1039,0
DA:1040,0
DA:1041,0
DA:1042,0
DA:1044,0
DA:1046,0
DA:1048,0
DA:1049,0
DA:1050,0
DA:1058,0
DA:1059,0
DA:1074,0
DA:1075,0
DA:1077,0
DA:1078,0
DA:1087,0
DA:1088,0
DA:1098,0
DA:1099,0
DA:1100,0
DA:1101,0
DA:1102,0
DA:1103,0
DA:1105,0
DA:1116,0
DA:1117,0
DA:1119,0
DA:1120,0
DA:1122,0
DA:1123,0
DA:1127,0
DA:1128,0
DA:1129,0
DA:1130,0
DA:1132,0
DA:1142,0
DA:1152,0
DA:1153,0
DA:1155,0
DA:1156,0
DA:1158,0
DA:1159,0
DA:1160,0
DA:1161,0
DA:1162,0
DA:1163,0
DA:1164,0
DA:1166,0
DA:1176,0
DA:1177,0
DA:1178,0
DA:1179,0
DA:1180,0
DA:1184,0
DA:1186,0
DA:1187,0
DA:1189,0
DA:1192,0
DA:1197,0
DA:1198,0
DA:1199,0
DA:1214,0
DA:1215,0
DA:1217,0
DA:1219,0
DA:1220,0
DA:1229,0
DA:1230,0
DA:1232,0
DA:1246,0
DA:1302,0
DA:1305,0
DA:1311,0
DA:1315,0
DA:1318,0
DA:1319,0
DA:1331,0
DA:1337,0
DA:1344,0
DA:1345,0
DA:1354,0
DA:1361,0
DA:1385,0
DA:1386,0
DA:1387,0
DA:1390,0
DA:1398,0
DA:1404,0
LF:393
LH:0
BRDA:104,0,0,0
BRDA:104,0,1,0
BRDA:106,1,0,0
BRDA:106,1,1,0
BRDA:111,2,0,0
BRDA:111,2,1,0
BRDA:125,3,0,0
BRDA:125,3,1,0
BRDA:127,4,0,0
BRDA:127,4,1,0
BRDA:139,5,0,0
BRDA:139,5,1,0
BRDA:157,6,0,0
BRDA:157,6,1,0
BRDA:158,7,0,0
BRDA:158,7,1,0
BRDA:159,8,0,0
BRDA:159,8,1,0
BRDA:159,8,2,0
BRDA:165,9,0,0
BRDA:165,9,1,0
BRDA:195,10,0,0
BRDA:195,10,1,0
BRDA:195,11,0,0
BRDA:195,11,1,0
BRDA:201,12,0,0
BRDA:201,12,1,0
BRDA:203,13,0,0
BRDA:203,13,1,0
BRDA:206,14,0,0
BRDA:206,14,1,0
BRDA:206,15,0,0
BRDA:206,15,1,0
BRDA:211,16,0,0
BRDA:211,16,1,0
BRDA:230,17,0,0
BRDA:230,17,1,0
BRDA:230,18,0,0
BRDA:230,18,1,0
BRDA:237,19,0,0
BRDA:237,19,1,0
BRDA:244,20,0,0
BRDA:244,20,1,0
BRDA:249,21,0,0
BRDA:249,21,1,0
BRDA:256,22,0,0
BRDA:256,22,1,0
BRDA:266,23,0,0
BRDA:266,23,1,0
BRDA:297,24,0,0
BRDA:297,24,1,0
BRDA:337,25,0,0
BRDA:337,25,1,0
BRDA:337,26,0,0
BRDA:337,26,1,0
BRDA:338,27,0,0
BRDA:338,27,1,0
BRDA:353,28,0,0
BRDA:353,28,1,0
BRDA:356,29,0,0
BRDA:356,29,1,0
BRDA:359,30,0,0
BRDA:359,30,1,0
BRDA:361,31,0,0
BRDA:361,31,1,0
BRDA:384,32,0,0
BRDA:384,32,1,0
BRDA:384,33,0,0
BRDA:384,33,1,0
BRDA:421,34,0,0
BRDA:421,34,1,0
BRDA:425,35,0,0
BRDA:425,35,1,0
BRDA:454,36,0,0
BRDA:454,36,1,0
BRDA:454,37,0,0
BRDA:454,37,1,0
BRDA:454,37,2,0
BRDA:503,38,0,0
BRDA:503,38,1,0
BRDA:503,38,2,0
BRDA:512,39,0,0
BRDA:512,39,1,0
BRDA:517,40,0,0
BRDA:517,40,1,0
BRDA:517,40,2,0
BRDA:525,41,0,0
BRDA:525,41,1,0
BRDA:544,42,0,0
BRDA:544,42,1,0
BRDA:661,43,0,0
BRDA:661,43,1,0
BRDA:661,44,0,0
BRDA:661,44,1,0
BRDA:666,45,0,0
BRDA:666,45,1,0
BRDA:690,46,0,0
BRDA:690,46,1,0
BRDA:691,47,0,0
BRDA:691,47,1,0
BRDA:691,48,0,0
BRDA:691,48,1,0
BRDA:691,49,0,0
BRDA:691,49,1,0
BRDA:691,50,0,0
BRDA:691,50,1,0
BRDA:693,51,0,0
BRDA:693,51,1,0
BRDA:733,52,0,0
BRDA:733,52,1,0
BRDA:753,53,0,0
BRDA:753,53,1,0
BRDA:762,54,0,0
BRDA:762,54,1,0
BRDA:821,55,0,0
BRDA:821,55,1,0
BRDA:829,56,0,0
BRDA:829,56,1,0
BRDA:834,57,0,0
BRDA:834,57,1,0
BRDA:843,58,0,0
BRDA:843,58,1,0
BRDA:865,59,0,0
BRDA:865,59,1,0
BRDA:868,60,0,0
BRDA:868,60,1,0
BRDA:891,61,0,0
BRDA:891,61,1,0
BRDA:896,62,0,0
BRDA:896,62,1,0
BRDA:896,63,0,0
BRDA:896,63,1,0
BRDA:902,64,0,0
BRDA:902,64,1,0
BRDA:902,64,2,0
BRDA:910,65,0,0
BRDA:910,65,1,0
BRDA:917,66,0,0
BRDA:917,66,1,0
BRDA:919,67,0,0
BRDA:919,67,1,0
BRDA:944,68,0,0
BRDA:944,68,1,0
BRDA:951,69,0,0
BRDA:951,69,1,0
BRDA:957,70,0,0
BRDA:957,70,1,0
BRDA:970,71,0,0
BRDA:970,71,1,0
BRDA:972,72,0,0
BRDA:972,72,1,0
BRDA:980,73,0,0
BRDA:980,73,1,0
BRDA:989,74,0,0
BRDA:989,74,1,0
BRDA:991,75,0,0
BRDA:991,75,1,0
BRDA:991,76,0,0
BRDA:991,76,1,0
BRDA:992,77,0,0
BRDA:992,77,1,0
BRDA:1016,78,0,0
BRDA:1016,78,1,0
BRDA:1046,79,0,0
BRDA:1046,79,1,0
BRDA:1051,80,0,0
BRDA:1051,80,1,0
BRDA:1051,80,2,0
BRDA:1075,81,0,0
BRDA:1075,81,1,0
BRDA:1088,82,0,0
BRDA:1088,82,1,0
BRDA:1099,83,0,0
BRDA:1099,83,1,0
BRDA:1116,84,0,0
BRDA:1116,84,1,0
BRDA:1119,85,0,0
BRDA:1119,85,1,0
BRDA:1122,86,0,0
BRDA:1122,86,1,0
BRDA:1127,87,0,0
BRDA:1127,87,1,0
BRDA:1129,88,0,0
BRDA:1129,88,1,0
BRDA:1142,89,0,0
BRDA:1142,89,1,0
BRDA:1142,90,0,0
BRDA:1142,90,1,0
BRDA:1142,90,2,0
BRDA:1152,91,0,0
BRDA:1152,91,1,0
BRDA:1155,92,0,0
BRDA:1155,92,1,0
BRDA:1158,93,0,0
BRDA:1158,93,1,0
BRDA:1176,94,0,0
BRDA:1176,94,1,0
BRDA:1186,95,0,0
BRDA:1186,95,1,0
BRDA:1214,96,0,0
BRDA:1214,96,1,0
BRDA:1219,97,0,0
BRDA:1219,97,1,0
BRDA:1219,98,0,0
BRDA:1219,98,1,0
BRDA:1219,98,2,0
BRDA:1229,99,0,0
BRDA:1229,99,1,0
BRDA:1253,100,0,0
BRDA:1253,100,1,0
BRDA:1386,101,0,0
BRDA:1386,101,1,0
BRDA:1401,102,0,0
BRDA:1401,102,1,0
BRF:214
BRH:0
end_of_record
TN:
SF:js\nature.js
FN:10,handleMouseMove
FN:15,handleScroll
FN:16,(anonymous_2)
FNF:3
FNH:0
FNDA:0,handleMouseMove
FNDA:0,handleScroll
FNDA:0,(anonymous_2)
DA:1,0
DA:2,0
DA:5,0
DA:7,0
DA:8,0
DA:11,0
DA:16,0
DA:17,0
DA:18,0
DA:21,0
DA:23,0
DA:24,0
DA:27,0
LF:13
LH:0
BRDA:17,0,0,0
BRDA:17,0,1,0
BRDA:23,1,0,0
BRDA:23,1,1,0
BRF:4
BRH:0
end_of_record
TN:
SF:js\nigth.js
FN:19,handleScroll
FN:65,handleMouseMove
FN:70,(anonymous_2)
FN:75,(anonymous_3)
FNF:4
FNH:0
FNDA:0,handleScroll
FNDA:0,handleMouseMove
FNDA:0,(anonymous_2)
FNDA:0,(anonymous_3)
DA:1,0
DA:2,0
DA:3,0
DA:4,0
DA:6,0
DA:7,0
DA:9,0
DA:10,0
DA:11,0
DA:12,0
DA:16,0
DA:17,0
DA:21,0
DA:22,0
DA:24,0
DA:25,0
DA:26,0
DA:27,0
DA:28,0
DA:29,0
DA:30,0
DA:35,0
DA:36,0
DA:37,0
DA:38,0
DA:39,0
DA:40,0
DA:41,0
DA:42,0
DA:43,0
DA:47,0
DA:48,0
DA:49,0
DA:50,0
DA:51,0
DA:52,0
DA:53,0
DA:55,0
DA:56,0
DA:57,0
DA:58,0
DA:59,0
DA:60,0
DA:61,0
DA:67,0
DA:68,0
DA:69,0
DA:70,0
DA:71,0
DA:73,0
DA:75,0
DA:76,0
LF:52
LH:0
BRDA:21,0,0,0
BRDA:21,0,1,0
BRDA:22,1,0,0
BRDA:22,1,1,0
BRDA:24,2,0,0
BRDA:24,2,1,0
BRDA:35,3,0,0
BRDA:35,3,1,0
BRDA:36,4,0,0
BRDA:36,4,1,0
BRDA:37,5,0,0
BRDA:37,5,1,0
BRDA:47,6,0,0
BRDA:47,6,1,0
BRDA:55,7,0,0
BRDA:55,7,1,0
BRDA:69,8,0,0
BRDA:69,8,1,0
BRF:18
BRH:0
end_of_record
TN:
SF:js\renders.js
FN:9,handleScroll
FNF:1
FNH:0
FNDA:0,handleScroll
DA:1,0
DA:2,0
DA:4,0
DA:6,0
DA:11,0
DA:12,0
DA:13,0
DA:14,0
DA:15,0
DA:18,0
DA:19,0
DA:20,0
DA:21,0
DA:22,0
DA:26,0
DA:27,0
DA:29,0
DA:30,0
LF:18
LH:0
BRDA:11,0,0,0
BRDA:11,0,1,0
BRDA:12,1,0,0
BRDA:12,1,1,0
BRDA:18,2,0,0
BRDA:18,2,1,0
BRDA:19,3,0,0
BRDA:19,3,1,0
BRDA:26,4,0,0
BRDA:26,4,1,0
BRDA:29,5,0,0
BRDA:29,5,1,0
BRF:12
BRH:0
end_of_record
TN:
SF:js\story.js
FN:7,handleMouseMove
FNF:1
FNH:0
FNDA:0,handleMouseMove
DA:1,0
DA:2,0
DA:3,0
DA:5,0
DA:9,0
DA:10,0
DA:12,0
DA:14,0
DA:15,0
DA:17,0
DA:19,0
DA:20,0
DA:22,0
DA:24,0
DA:25,0
DA:27,0
LF:16
LH:0
BRDA:9,0,0,0
BRDA:9,0,1,0
BRDA:9,1,0,0
BRDA:9,1,1,0
BRDA:14,2,0,0
BRDA:14,2,1,0
BRDA:14,3,0,0
BRDA:14,3,1,0
BRDA:19,4,0,0
BRDA:19,4,1,0
BRDA:19,5,0,0
BRDA:19,5,1,0
BRDA:24,6,0,0
BRDA:24,6,1,0
BRF:14
BRH:0
end_of_record
